Log file open, 04/12/22 13:11:27
LogWindows: Failed to load 'aqProf.dll' (GetLastError=126)
LogWindows: File 'aqProf.dll' does not exist
LogWindows: Failed to load 'VtuneApi.dll' (GetLastError=126)
LogWindows: File 'VtuneApi.dll' does not exist
LogWindows: Failed to load 'VtuneApi32e.dll' (GetLastError=126)
LogWindows: File 'VtuneApi32e.dll' does not exist
LogConsoleResponse: Display: Failed to find resolution value strings in scalability ini. Falling back to default.
LogConsoleResponse: Display: Failed to find resolution value strings in scalability ini. Falling back to default.
LogInit: Display: Running engine for game: Unreal
LogPlatformFile: Not using cached read wrapper
LogTaskGraph: Started task graph with 5 named threads and 23 total threads with 3 sets of task threads.
LogStats: Stats thread started at 0.399721
LogICUInternationalization: ICU TimeZone Detection - Raw Offset: +1:00, Platform Override: ''
LogInit: Display: Loading text-based GConfig....
LogPluginManager: Mounting plugin MeshPainting
LogPluginManager: Mounting plugin XGEController
LogPluginManager: Mounting plugin Paper2D
LogPluginManager: Mounting plugin LiveLink
LogPluginManager: Mounting plugin EnvironmentQueryEditor
LogPluginManager: Mounting plugin AISupport
LogPluginManager: Mounting plugin LightPropagationVolume
LogPluginManager: Mounting plugin CameraShakePreviewer
LogPluginManager: Mounting plugin GameplayCameras
LogPluginManager: Mounting plugin OodleNetwork
LogPluginManager: Mounting plugin OodleData
LogPluginManager: Mounting plugin AnimationSharing
LogPluginManager: Mounting plugin CLionSourceCodeAccess
LogPluginManager: Mounting plugin CodeLiteSourceCodeAccess
LogPluginManager: Mounting plugin GitSourceControl
LogPluginManager: Mounting plugin KDevelopSourceCodeAccess
LogPluginManager: Mounting plugin NullSourceCodeAccess
LogPluginManager: Mounting plugin PerforceSourceControl
LogPluginManager: Mounting plugin PixWinPlugin
LogPluginManager: Mounting plugin PlasticSourceControl
LogPluginManager: Mounting plugin PluginUtils
LogPluginManager: Mounting plugin PropertyAccessNode
LogPluginManager: Mounting plugin RiderLink
LogPluginManager: Mounting plugin RiderSourceCodeAccess
LogPluginManager: Mounting plugin SubversionSourceControl
LogPluginManager: Mounting plugin TextureFormatOodle
LogPluginManager: Mounting plugin UObjectPlugin
LogPluginManager: Mounting plugin VisualStudioCodeSourceCodeAccess
LogPluginManager: Mounting plugin VisualStudioSourceCodeAccess
LogPluginManager: Mounting plugin AssetManagerEditor
LogPluginManager: Mounting plugin XCodeSourceCodeAccess
LogPluginManager: Mounting plugin DatasmithContent
LogPluginManager: Mounting plugin AlembicImporter
LogPluginManager: Mounting plugin VariantManagerContent
LogPluginManager: Mounting plugin AutomationUtils
LogPluginManager: Mounting plugin BackChannel
LogPluginManager: Mounting plugin ChaosCloth
LogPluginManager: Mounting plugin ChaosClothEditor
LogPluginManager: Mounting plugin ChaosNiagara
LogPluginManager: Mounting plugin ChaosEditor
LogPluginManager: Mounting plugin ChaosSolverPlugin
LogPluginManager: Mounting plugin CryptoKeys
LogPluginManager: Mounting plugin CurveEditorTools
LogPluginManager: Mounting plugin DataValidation
LogPluginManager: Mounting plugin GameplayTagsEditor
LogPluginManager: Mounting plugin FacialAnimation
LogPluginManager: Mounting plugin GeometryMode
LogPluginManager: Mounting plugin MacGraphicsSwitching
LogPluginManager: Mounting plugin MaterialAnalyzer
LogPluginManager: Mounting plugin MobileLauncherProfileWizard
LogPluginManager: Mounting plugin PluginBrowser
LogPluginManager: Mounting plugin SpeedTreeImporter
LogPluginManager: Mounting plugin Niagara
LogPluginManager: Mounting plugin CharacterAI
LogPluginManager: Mounting plugin GeometryCache
LogPluginManager: Mounting plugin GeometryCollectionPlugin
LogPluginManager: Mounting plugin GeometryProcessing
LogPluginManager: Mounting plugin MotoSynth
LogPluginManager: Mounting plugin OpenImageDenoise
LogPluginManager: Mounting plugin PlanarCut
LogPluginManager: Mounting plugin PlatformCrypto
LogPluginManager: Mounting plugin ProxyLODPlugin
LogPluginManager: Mounting plugin PythonScriptPlugin
LogPluginManager: Mounting plugin SkeletalReduction
LogPluginManager: Mounting plugin LuminPlatformFeatures
LogPluginManager: Mounting plugin MagicLeap
LogPluginManager: Mounting plugin MagicLeapLightEstimation
LogPluginManager: Mounting plugin MagicLeapMedia
LogPluginManager: Mounting plugin MagicLeapPassableWorld
LogPluginManager: Mounting plugin MLSDK
LogPluginManager: Mounting plugin AndroidMedia
LogPluginManager: Mounting plugin AvfMedia
LogPluginManager: Mounting plugin ImgMedia
LogPluginManager: Mounting plugin MediaCompositing
LogPluginManager: Mounting plugin MediaPlayerEditor
LogPluginManager: Mounting plugin WebMMedia
LogPluginManager: Mounting plugin WmfMedia
LogPluginManager: Mounting plugin UdpMessaging
LogPluginManager: Mounting plugin TcpMessaging
LogPluginManager: Mounting plugin ActorSequence
LogPluginManager: Mounting plugin LevelSequenceEditor
LogPluginManager: Mounting plugin MatineeToLevelSequence
LogPluginManager: Mounting plugin TemplateSequence
LogPluginManager: Mounting plugin OnlineSubsystem
LogPluginManager: Mounting plugin OnlineSubsystemNull
LogPluginManager: Mounting plugin OnlineSubsystemUtils
LogPluginManager: Mounting plugin LauncherChunkInstaller
LogPluginManager: Mounting plugin ActorLayerUtilities
LogPluginManager: Mounting plugin AndroidDeviceProfileSelector
LogPluginManager: Mounting plugin AndroidPermission
LogPluginManager: Mounting plugin AndroidMoviePlayer
LogPluginManager: Mounting plugin AppleImageUtils
LogPluginManager: Mounting plugin AppleMoviePlayer
LogPluginManager: Mounting plugin ArchVisCharacter
LogPluginManager: Mounting plugin AssetTags
LogPluginManager: Mounting plugin AudioCapture
LogPluginManager: Mounting plugin AudioSynesthesia
LogPluginManager: Mounting plugin CableComponent
LogPluginManager: Mounting plugin ChunkDownloader
LogPluginManager: Mounting plugin CustomMeshComponent
LogPluginManager: Mounting plugin EditableMesh
LogPluginManager: Mounting plugin ExampleDeviceProfileSelector
LogPluginManager: Mounting plugin GoogleCloudMessaging
LogPluginManager: Mounting plugin GooglePAD
LogPluginManager: Mounting plugin IOSDeviceProfileSelector
LogPluginManager: Mounting plugin LinuxDeviceProfileSelector
LogPluginManager: Mounting plugin LocationServicesBPLibrary
LogPluginManager: Mounting plugin MobilePatchingUtils
LogPluginManager: Mounting plugin OpenXR
LogPluginManager: Mounting plugin OpenXREyeTracker
LogPluginManager: Mounting plugin OpenXRHandTracking
LogPluginManager: Mounting plugin PhysXVehicles
LogPluginManager: Mounting plugin PostSplashScreen
LogPluginManager: Mounting plugin ProceduralMeshComponent
LogPluginManager: Mounting plugin PropertyAccessEditor
LogPluginManager: Mounting plugin RuntimePhysXCooking
LogPluginManager: Mounting plugin SignificanceManager
LogPluginManager: Mounting plugin SoundFields
LogPluginManager: Mounting plugin Synthesis
LogPluginManager: Mounting plugin WebMMoviePlayer
LogPluginManager: Mounting plugin WindowsMoviePlayer
LogPluginManager: Mounting plugin ScreenshotTools
LogPluginManager: Mounting plugin Takes
LogPluginManager: Mounting plugin ContentBrowserAssetDataSource
LogPluginManager: Mounting plugin ContentBrowserClassDataSource
LogPluginManager: Mounting plugin ContentBrowserFileDataSource
LogPluginManager: Mounting plugin OnlineSubsystemGooglePlay
LogPluginManager: Mounting plugin OnlineSubsystemIOS
LogPluginManager: Mounting plugin OculusVR
LogPluginManager: Mounting plugin SteamVR
PixWinPlugin: PIX capture plugin failed to initialize! Check that the process is launched from PIX.
LogLuminAPIImpl: Warning: MLSDK not found.  This likely means the MLSDK environment variable is not set.
LogInit: Using libcurl 7.55.1-DEV
LogInit:  - built for x86_64-pc-win32
LogInit:  - supports SSL with OpenSSL/1.1.1
LogInit:  - supports HTTP deflate (compression) using libz 1.2.8
LogInit:  - other features:
LogInit:      CURL_VERSION_SSL
LogInit:      CURL_VERSION_LIBZ
LogInit:      CURL_VERSION_IPV6
LogInit:      CURL_VERSION_ASYNCHDNS
LogInit:      CURL_VERSION_LARGEFILE
LogInit:      CURL_VERSION_IDN
LogInit:  CurlRequestOptions (configurable via config and command line):
LogInit:  - bVerifyPeer = true  - Libcurl will verify peer certificate
LogInit:  - bUseHttpProxy = false  - Libcurl will NOT use HTTP proxy
LogInit:  - bDontReuseConnections = false  - Libcurl will reuse connections
LogInit:  - MaxHostConnections = 16  - Libcurl will limit the number of connections to a host
LogInit:  - LocalHostAddr = Default
LogInit:  - BufferSize = 65536
LogOnline: OSS: Creating online subsystem instance for: NULL
LogInit: WinSock: version 1.1 (2.2), MaxSocks=32767, MaxUdp=65467
LogOnline: OSS: TryLoadSubsystemAndSetDefault: Loaded subsystem for module [NULL]
LogOculusPluginWrapper: OculusPlugin initialized successfully
LogHMD: Failed initializing OVRPlugin 1.59.0
LogInit: Build: ++UE4+Release-4.27-CL-18319896
LogInit: Engine Version: 4.27.2-18319896+++UE4+Release-4.27
LogInit: Compatible Engine Version: 4.27.0-17155196+++UE4+Release-4.27
LogInit: Net CL: 17155196
LogInit: OS: Windows 10 (Release 2009) (), CPU: Intel(R) Core(TM) i7-6700HQ CPU @ 2.60GHz, GPU: NVIDIA GeForce GTX 1060
LogInit: Compiled (64-bit): Nov 30 2021 07:12:08
LogInit: Compiled with Visual C++: 19.24.28315.00
LogInit: Build Configuration: Development
LogInit: Branch Name: ++UE4+Release-4.27
LogInit: Command Line:  -EpicPortal -epicusername=Nahzaka -epicuserid=bc8351b5bf974a7c9d95aec24c7f7251 -epiclocale=en -epicsandboxid=ue
LogInit: Base Directory: D:/Programs/Unreal/UE_4.27/Engine/Binaries/Win64/
LogInit: Allocator: TBB
LogInit: Installed Engine Build: 1
LogDevObjectVersion: Number of dev versions registered: 29
LogDevObjectVersion:   Dev-Blueprints (B0D832E4-1F89-4F0D-ACCF-7EB736FD4AA2): 10
LogDevObjectVersion:   Dev-Build (E1C64328-A22C-4D53-A36C-8E866417BD8C): 0
LogDevObjectVersion:   Dev-Core (375EC13C-06E4-48FB-B500-84F0262A717E): 4
LogDevObjectVersion:   Dev-Editor (E4B068ED-F494-42E9-A231-DA0B2E46BB41): 40
LogDevObjectVersion:   Dev-Framework (CFFC743F-43B0-4480-9391-14DF171D2073): 37
LogDevObjectVersion:   Dev-Mobile (B02B49B5-BB20-44E9-A304-32B752E40360): 3
LogDevObjectVersion:   Dev-Networking (A4E4105C-59A1-49B5-A7C5-40C4547EDFEE): 0
LogDevObjectVersion:   Dev-Online (39C831C9-5AE6-47DC-9A44-9C173E1C8E7C): 0
LogDevObjectVersion:   Dev-Physics (78F01B33-EBEA-4F98-B9B4-84EACCB95AA2): 14
LogDevObjectVersion:   Dev-Platform (6631380F-2D4D-43E0-8009-CF276956A95A): 0
LogDevObjectVersion:   Dev-Rendering (12F88B9F-8875-4AFC-A67C-D90C383ABD29): 45
LogDevObjectVersion:   Dev-Sequencer (7B5AE74C-D270-4C10-A958-57980B212A5A): 13
LogDevObjectVersion:   Dev-VR (D7296918-1DD6-4BDD-9DE2-64A83CC13884): 3
LogDevObjectVersion:   Dev-LoadTimes (C2A15278-BFE7-4AFE-6C17-90FF531DF755): 1
LogDevObjectVersion:   Private-Geometry (6EACA3D4-40EC-4CC1-B786-8BED09428FC5): 3
LogDevObjectVersion:   Dev-AnimPhys (29E575DD-E0A3-4627-9D10-D276232CDCEA): 17
LogDevObjectVersion:   Dev-Anim (AF43A65D-7FD3-4947-9873-3E8ED9C1BB05): 15
LogDevObjectVersion:   Dev-ReflectionCapture (6B266CEC-1EC7-4B8F-A30B-E4D90942FC07): 1
LogDevObjectVersion:   Dev-Automation (0DF73D61-A23F-47EA-B727-89E90C41499A): 1
LogDevObjectVersion:   FortniteMain (601D1886-AC64-4F84-AA16-D3DE0DEAC7D6): 47
LogDevObjectVersion:   FortniteRelease (E7086368-6B23-4C58-8439-1B7016265E91): 1
LogDevObjectVersion:   Dev-Enterprise (9DFFBCD6-494F-0158-E221-12823C92A888): 10
LogDevObjectVersion:   Dev-Niagara (F2AED0AC-9AFE-416F-8664-AA7FFA26D6FC): 1
LogDevObjectVersion:   Dev-Destruction (174F1F0B-B4C6-45A5-B13F-2EE8D0FB917D): 10
LogDevObjectVersion:   Dev-Physics-Ext (35F94A83-E258-406C-A318-09F59610247C): 41
LogDevObjectVersion:   Dev-PhysicsMaterial-Chaos (B68FC16E-8B1B-42E2-B453-215C058844FE): 1
LogDevObjectVersion:   Dev-CineCamera (B2E18506-4273-CFC2-A54E-F4BB758BBA07): 1
LogDevObjectVersion:   Dev-VirtualProduction (64F58936-FD1B-42BA-BA96-7289D5D0FA4E): 1
LogDevObjectVersion:   Dev-MediaFramework (6F0ED827-A609-4895-9C91-998D90180EA4): 2
LogInit: Presizing for max 25165824 objects, including 0 objects not considered by GC, pre-allocating 0 bytes for permanent pool.
LogConfig: Applying CVar settings from Section [/Script/Engine.StreamingSettings] File [D:/Files/School/Saxion/Year 2/Term 3/Advanced Tools/Repo/Unreal/Saved/Config/Windows/Engine.ini]
LogConfig: Setting CVar [[s.MinBulkDataSizeForAsyncLoading:131072]]
LogConfig: Setting CVar [[s.AsyncLoadingThreadEnabled:0]]
LogConfig: Setting CVar [[s.EventDrivenLoaderEnabled:1]]
LogConfig: Setting CVar [[s.WarnIfTimeLimitExceeded:0]]
LogConfig: Setting CVar [[s.TimeLimitExceededMultiplier:1.5]]
LogConfig: Setting CVar [[s.TimeLimitExceededMinTime:0.005]]
LogConfig: Setting CVar [[s.UseBackgroundLevelStreaming:1]]
LogConfig: Setting CVar [[s.PriorityAsyncLoadingExtraTime:15.0]]
LogConfig: Setting CVar [[s.LevelStreamingActorsUpdateTimeLimit:5.0]]
LogConfig: Setting CVar [[s.PriorityLevelStreamingActorsUpdateExtraTime:5.0]]
LogConfig: Setting CVar [[s.LevelStreamingComponentsRegistrationGranularity:10]]
LogConfig: Setting CVar [[s.UnregisterComponentsTimeLimit:1.0]]
LogConfig: Setting CVar [[s.LevelStreamingComponentsUnregistrationGranularity:5]]
LogConfig: Setting CVar [[s.FlushStreamingOnExit:1]]
LogInit: Object subsystem initialized
LogConfig: Setting CVar [[con.DebugEarlyDefault:1]]
LogConfig: Setting CVar [[r.setres:1280x720]]
[2022.04.12-11.11.28:574][  0]LogConfig: Setting CVar [[r.VSync:0]]
[2022.04.12-11.11.28:574][  0]LogConfig: Setting CVar [[r.RHICmdBypass:0]]
[2022.04.12-11.11.28:574][  0]LogConfig: Applying CVar settings from Section [/Script/Engine.RendererSettings] File [D:/Files/School/Saxion/Year 2/Term 3/Advanced Tools/Repo/Unreal/Saved/Config/Windows/Engine.ini]
[2022.04.12-11.11.28:574][  0]LogConfig: Setting CVar [[r.GPUCrashDebugging:0]]
[2022.04.12-11.11.28:574][  0]LogConfig: Applying CVar settings from Section [/Script/Engine.RendererOverrideSettings] File [D:/Files/School/Saxion/Year 2/Term 3/Advanced Tools/Repo/Unreal/Saved/Config/Windows/Engine.ini]
[2022.04.12-11.11.28:574][  0]LogConfig: Applying CVar settings from Section [/Script/Engine.StreamingSettings] File [D:/Files/School/Saxion/Year 2/Term 3/Advanced Tools/Repo/Unreal/Saved/Config/Windows/Engine.ini]
[2022.04.12-11.11.28:574][  0]LogConfig: Setting CVar [[s.MinBulkDataSizeForAsyncLoading:131072]]
[2022.04.12-11.11.28:574][  0]LogConfig: Setting CVar [[s.AsyncLoadingThreadEnabled:0]]
[2022.04.12-11.11.28:574][  0]LogConfig: Setting CVar [[s.EventDrivenLoaderEnabled:1]]
[2022.04.12-11.11.28:574][  0]LogConfig: Setting CVar [[s.WarnIfTimeLimitExceeded:0]]
[2022.04.12-11.11.28:574][  0]LogConfig: Setting CVar [[s.TimeLimitExceededMultiplier:1.5]]
[2022.04.12-11.11.28:574][  0]LogConfig: Setting CVar [[s.TimeLimitExceededMinTime:0.005]]
[2022.04.12-11.11.28:574][  0]LogConfig: Setting CVar [[s.UseBackgroundLevelStreaming:1]]
[2022.04.12-11.11.28:574][  0]LogConfig: Setting CVar [[s.PriorityAsyncLoadingExtraTime:15.0]]
[2022.04.12-11.11.28:574][  0]LogConfig: Setting CVar [[s.LevelStreamingActorsUpdateTimeLimit:5.0]]
[2022.04.12-11.11.28:574][  0]LogConfig: Setting CVar [[s.PriorityLevelStreamingActorsUpdateExtraTime:5.0]]
[2022.04.12-11.11.28:574][  0]LogConfig: Setting CVar [[s.LevelStreamingComponentsRegistrationGranularity:10]]
[2022.04.12-11.11.28:574][  0]LogConfig: Setting CVar [[s.UnregisterComponentsTimeLimit:1.0]]
[2022.04.12-11.11.28:574][  0]LogConfig: Setting CVar [[s.LevelStreamingComponentsUnregistrationGranularity:5]]
[2022.04.12-11.11.28:574][  0]LogConfig: Setting CVar [[s.FlushStreamingOnExit:1]]
[2022.04.12-11.11.28:574][  0]LogConfig: Applying CVar settings from Section [/Script/Engine.GarbageCollectionSettings] File [D:/Files/School/Saxion/Year 2/Term 3/Advanced Tools/Repo/Unreal/Saved/Config/Windows/Engine.ini]
[2022.04.12-11.11.28:574][  0]LogConfig: Setting CVar [[gc.MaxObjectsNotConsideredByGC:1]]
[2022.04.12-11.11.28:574][  0]LogConfig: Setting CVar [[gc.SizeOfPermanentObjectPool:0]]
[2022.04.12-11.11.28:574][  0]LogConfig: Setting CVar [[gc.FlushStreamingOnGC:0]]
[2022.04.12-11.11.28:574][  0]LogConfig: Setting CVar [[gc.NumRetriesBeforeForcingGC:10]]
[2022.04.12-11.11.28:575][  0]LogConfig: Setting CVar [[gc.AllowParallelGC:1]]
[2022.04.12-11.11.28:575][  0]LogConfig: Setting CVar [[gc.TimeBetweenPurgingPendingKillObjects:61.1]]
[2022.04.12-11.11.28:575][  0]LogConfig: Setting CVar [[gc.MaxObjectsInEditor:25165824]]
[2022.04.12-11.11.28:575][  0]LogConfig: Setting CVar [[gc.IncrementalBeginDestroyEnabled:1]]
[2022.04.12-11.11.28:575][  0]LogConfig: Setting CVar [[gc.CreateGCClusters:1]]
[2022.04.12-11.11.28:575][  0]LogConfig: Setting CVar [[gc.MinGCClusterSize:5]]
[2022.04.12-11.11.28:575][  0]LogConfig: Setting CVar [[gc.ActorClusteringEnabled:0]]
[2022.04.12-11.11.28:575][  0]LogConfig: Setting CVar [[gc.BlueprintClusteringEnabled:0]]
[2022.04.12-11.11.28:575][  0]LogConfig: Setting CVar [[gc.UseDisregardForGCOnDedicatedServers:0]]
[2022.04.12-11.11.28:575][  0]LogConfig: Setting CVar [[gc.MultithreadedDestructionEnabled:1]]
[2022.04.12-11.11.28:575][  0]LogConfig: Applying CVar settings from Section [/Script/Engine.NetworkSettings] File [D:/Files/School/Saxion/Year 2/Term 3/Advanced Tools/Repo/Unreal/Saved/Config/Windows/Engine.ini]
[2022.04.12-11.11.28:575][  0]LogConfig: Applying CVar settings from Section [/Script/UnrealEd.CookerSettings] File [D:/Files/School/Saxion/Year 2/Term 3/Advanced Tools/Repo/Unreal/Saved/Config/Windows/Engine.ini]
[2022.04.12-11.11.28:582][  0]LogConfig: Applying CVar settings from Section [ViewDistanceQuality@3] File [D:/Files/School/Saxion/Year 2/Term 3/Advanced Tools/Repo/Unreal/Saved/Config/Windows/Scalability.ini]
[2022.04.12-11.11.28:583][  0]LogConfig: Setting CVar [[r.SkeletalMeshLODBias:0]]
[2022.04.12-11.11.28:583][  0]LogConfig: Setting CVar [[r.ViewDistanceScale:1.0]]
[2022.04.12-11.11.28:583][  0]LogConfig: Applying CVar settings from Section [AntiAliasingQuality@3] File [D:/Files/School/Saxion/Year 2/Term 3/Advanced Tools/Repo/Unreal/Saved/Config/Windows/Scalability.ini]
[2022.04.12-11.11.28:583][  0]LogConfig: Setting CVar [[r.PostProcessAAQuality:4]]
[2022.04.12-11.11.28:583][  0]LogConfig: Applying CVar settings from Section [ShadowQuality@3] File [D:/Files/School/Saxion/Year 2/Term 3/Advanced Tools/Repo/Unreal/Saved/Config/Windows/Scalability.ini]
[2022.04.12-11.11.28:583][  0]LogConfig: Setting CVar [[r.LightFunctionQuality:1]]
[2022.04.12-11.11.28:583][  0]LogConfig: Setting CVar [[r.ShadowQuality:5]]
[2022.04.12-11.11.28:583][  0]LogConfig: Setting CVar [[r.Shadow.CSM.MaxCascades:10]]
[2022.04.12-11.11.28:583][  0]LogConfig: Setting CVar [[r.Shadow.MaxResolution:2048]]
[2022.04.12-11.11.28:583][  0]LogConfig: Setting CVar [[r.Shadow.MaxCSMResolution:2048]]
[2022.04.12-11.11.28:583][  0]LogConfig: Setting CVar [[r.Shadow.RadiusThreshold:0.01]]
[2022.04.12-11.11.28:583][  0]LogConfig: Setting CVar [[r.Shadow.DistanceScale:1.0]]
[2022.04.12-11.11.28:583][  0]LogConfig: Setting CVar [[r.Shadow.CSM.TransitionScale:1.0]]
[2022.04.12-11.11.28:583][  0]LogConfig: Setting CVar [[r.Shadow.PreShadowResolutionFactor:1.0]]
[2022.04.12-11.11.28:583][  0]LogConfig: Setting CVar [[r.DistanceFieldShadowing:1]]
[2022.04.12-11.11.28:583][  0]LogConfig: Setting CVar [[r.DistanceFieldAO:1]]
[2022.04.12-11.11.28:583][  0]LogConfig: Setting CVar [[r.AOQuality:2]]
[2022.04.12-11.11.28:583][  0]LogConfig: Setting CVar [[r.VolumetricFog:1]]
[2022.04.12-11.11.28:583][  0]LogConfig: Setting CVar [[r.VolumetricFog.GridPixelSize:8]]
[2022.04.12-11.11.28:583][  0]LogConfig: Setting CVar [[r.VolumetricFog.GridSizeZ:128]]
[2022.04.12-11.11.28:583][  0]LogConfig: Setting CVar [[r.VolumetricFog.HistoryMissSupersampleCount:4]]
[2022.04.12-11.11.28:583][  0]LogConfig: Setting CVar [[r.LightMaxDrawDistanceScale:1]]
[2022.04.12-11.11.28:583][  0]LogConfig: Setting CVar [[r.CapsuleShadows:1]]
[2022.04.12-11.11.28:583][  0]LogConfig: Applying CVar settings from Section [PostProcessQuality@3] File [D:/Files/School/Saxion/Year 2/Term 3/Advanced Tools/Repo/Unreal/Saved/Config/Windows/Scalability.ini]
[2022.04.12-11.11.28:583][  0]LogConfig: Setting CVar [[r.MotionBlurQuality:4]]
[2022.04.12-11.11.28:583][  0]LogConfig: Setting CVar [[r.AmbientOcclusionMipLevelFactor:0.4]]
[2022.04.12-11.11.28:583][  0]LogConfig: Setting CVar [[r.AmbientOcclusionMaxQuality:100]]
[2022.04.12-11.11.28:583][  0]LogConfig: Setting CVar [[r.AmbientOcclusionLevels:-1]]
[2022.04.12-11.11.28:583][  0]LogConfig: Setting CVar [[r.AmbientOcclusionRadiusScale:1.0]]
[2022.04.12-11.11.28:583][  0]LogConfig: Setting CVar [[r.DepthOfFieldQuality:2]]
[2022.04.12-11.11.28:583][  0]LogConfig: Setting CVar [[r.RenderTargetPoolMin:400]]
[2022.04.12-11.11.28:583][  0]LogConfig: Setting CVar [[r.LensFlareQuality:2]]
[2022.04.12-11.11.28:583][  0]LogConfig: Setting CVar [[r.SceneColorFringeQuality:1]]
[2022.04.12-11.11.28:583][  0]LogConfig: Setting CVar [[r.EyeAdaptationQuality:2]]
[2022.04.12-11.11.28:583][  0]LogConfig: Setting CVar [[r.BloomQuality:5]]
[2022.04.12-11.11.28:583][  0]LogConfig: Setting CVar [[r.FastBlurThreshold:100]]
[2022.04.12-11.11.28:583][  0]LogConfig: Setting CVar [[r.Upscale.Quality:3]]
[2022.04.12-11.11.28:583][  0]LogConfig: Setting CVar [[r.Tonemapper.GrainQuantization:1]]
[2022.04.12-11.11.28:583][  0]LogConfig: Setting CVar [[r.LightShaftQuality:1]]
[2022.04.12-11.11.28:583][  0]LogConfig: Setting CVar [[r.Filter.SizeScale:1]]
[2022.04.12-11.11.28:583][  0]LogConfig: Setting CVar [[r.Tonemapper.Quality:5]]
[2022.04.12-11.11.28:583][  0]LogConfig: Setting CVar [[r.DOF.Gather.AccumulatorQuality:1        ; higher gathering accumulator quality]]
[2022.04.12-11.11.28:583][  0]LogConfig: Setting CVar [[r.DOF.Gather.PostfilterMethod:1          ; Median3x3 postfilering method]]
[2022.04.12-11.11.28:583][  0]LogConfig: Setting CVar [[r.DOF.Gather.EnableBokehSettings:0       ; no bokeh simulation when gathering]]
[2022.04.12-11.11.28:583][  0]LogConfig: Setting CVar [[r.DOF.Gather.RingCount:4                 ; medium number of samples when gathering]]
[2022.04.12-11.11.28:584][  0]LogConfig: Setting CVar [[r.DOF.Scatter.ForegroundCompositing:1    ; additive foreground scattering]]
[2022.04.12-11.11.28:584][  0]LogConfig: Setting CVar [[r.DOF.Scatter.BackgroundCompositing:2    ; additive background scattering]]
[2022.04.12-11.11.28:584][  0]LogConfig: Setting CVar [[r.DOF.Scatter.EnableBokehSettings:1      ; bokeh simulation when scattering]]
[2022.04.12-11.11.28:584][  0]LogConfig: Setting CVar [[r.DOF.Scatter.MaxSpriteRatio:0.1         ; only a maximum of 10% of scattered bokeh]]
[2022.04.12-11.11.28:584][  0]LogConfig: Setting CVar [[r.DOF.Recombine.Quality:1                ; cheap slight out of focus]]
[2022.04.12-11.11.28:584][  0]LogConfig: Setting CVar [[r.DOF.Recombine.EnableBokehSettings:0    ; no bokeh simulation on slight out of focus]]
[2022.04.12-11.11.28:584][  0]LogConfig: Setting CVar [[r.DOF.TemporalAAQuality:1                ; more stable temporal accumulation]]
[2022.04.12-11.11.28:584][  0]LogConfig: Setting CVar [[r.DOF.Kernel.MaxForegroundRadius:0.025]]
[2022.04.12-11.11.28:584][  0]LogConfig: Setting CVar [[r.DOF.Kernel.MaxBackgroundRadius:0.025]]
[2022.04.12-11.11.28:584][  0]LogConfig: Applying CVar settings from Section [TextureQuality@3] File [D:/Files/School/Saxion/Year 2/Term 3/Advanced Tools/Repo/Unreal/Saved/Config/Windows/Scalability.ini]
[2022.04.12-11.11.28:584][  0]LogConfig: Setting CVar [[r.Streaming.MipBias:0]]
[2022.04.12-11.11.28:584][  0]LogConfig: Setting CVar [[r.Streaming.AmortizeCPUToGPUCopy:0]]
[2022.04.12-11.11.28:584][  0]LogConfig: Setting CVar [[r.Streaming.MaxNumTexturesToStreamPerFrame:0]]
[2022.04.12-11.11.28:584][  0]LogConfig: Setting CVar [[r.Streaming.Boost:1]]
[2022.04.12-11.11.28:584][  0]LogConfig: Setting CVar [[r.MaxAnisotropy:8]]
[2022.04.12-11.11.28:584][  0]LogConfig: Setting CVar [[r.VT.MaxAnisotropy:8]]
[2022.04.12-11.11.28:584][  0]LogConfig: Setting CVar [[r.Streaming.LimitPoolSizeToVRAM:0]]
[2022.04.12-11.11.28:584][  0]LogConfig: Setting CVar [[r.Streaming.PoolSize:1000]]
[2022.04.12-11.11.28:584][  0]LogConfig: Setting CVar [[r.Streaming.MaxEffectiveScreenSize:0]]
[2022.04.12-11.11.28:584][  0]LogConfig: Applying CVar settings from Section [EffectsQuality@3] File [D:/Files/School/Saxion/Year 2/Term 3/Advanced Tools/Repo/Unreal/Saved/Config/Windows/Scalability.ini]
[2022.04.12-11.11.28:584][  0]LogConfig: Setting CVar [[r.TranslucencyLightingVolumeDim:64]]
[2022.04.12-11.11.28:584][  0]LogConfig: Setting CVar [[r.RefractionQuality:2]]
[2022.04.12-11.11.28:584][  0]LogConfig: Setting CVar [[r.SSR.Quality:3]]
[2022.04.12-11.11.28:584][  0]LogConfig: Setting CVar [[r.SSR.HalfResSceneColor:0]]
[2022.04.12-11.11.28:584][  0]LogConfig: Setting CVar [[r.SceneColorFormat:4]]
[2022.04.12-11.11.28:584][  0]LogConfig: Setting CVar [[r.DetailMode:2]]
[2022.04.12-11.11.28:584][  0]LogConfig: Setting CVar [[r.TranslucencyVolumeBlur:1]]
[2022.04.12-11.11.28:584][  0]LogConfig: Setting CVar [[r.MaterialQualityLevel:1 ; High quality]]
[2022.04.12-11.11.28:584][  0]LogConfig: Setting CVar [[r.AnisotropicMaterials:1]]
[2022.04.12-11.11.28:584][  0]LogConfig: Setting CVar [[r.SSS.Scale:1]]
[2022.04.12-11.11.28:584][  0]LogConfig: Setting CVar [[r.SSS.SampleSet:2]]
[2022.04.12-11.11.28:584][  0]LogConfig: Setting CVar [[r.SSS.Quality:1]]
[2022.04.12-11.11.28:584][  0]LogConfig: Setting CVar [[r.SSS.HalfRes:0]]
[2022.04.12-11.11.28:584][  0]LogConfig: Setting CVar [[r.SSGI.Quality:3]]
[2022.04.12-11.11.28:584][  0]LogConfig: Setting CVar [[r.EmitterSpawnRateScale:1.0]]
[2022.04.12-11.11.28:584][  0]LogConfig: Setting CVar [[r.ParticleLightQuality:2]]
[2022.04.12-11.11.28:584][  0]LogConfig: Setting CVar [[r.SkyAtmosphere.AerialPerspectiveLUT.FastApplyOnOpaque:1 ; Always have FastSkyLUT 1 in this case to avoid wrong sky]]
[2022.04.12-11.11.28:584][  0]LogConfig: Setting CVar [[r.SkyAtmosphere.AerialPerspectiveLUT.SampleCountMaxPerSlice:4]]
[2022.04.12-11.11.28:584][  0]LogConfig: Setting CVar [[r.SkyAtmosphere.AerialPerspectiveLUT.DepthResolution:16.0]]
[2022.04.12-11.11.28:584][  0]LogConfig: Setting CVar [[r.SkyAtmosphere.FastSkyLUT:1]]
[2022.04.12-11.11.28:584][  0]LogConfig: Setting CVar [[r.SkyAtmosphere.FastSkyLUT.SampleCountMin:4.0]]
[2022.04.12-11.11.28:584][  0]LogConfig: Setting CVar [[r.SkyAtmosphere.FastSkyLUT.SampleCountMax:128.0]]
[2022.04.12-11.11.28:584][  0]LogConfig: Setting CVar [[r.SkyAtmosphere.SampleCountMin:4.0]]
[2022.04.12-11.11.28:584][  0]LogConfig: Setting CVar [[r.SkyAtmosphere.SampleCountMax:128.0]]
[2022.04.12-11.11.28:584][  0]LogConfig: Setting CVar [[r.SkyAtmosphere.TransmittanceLUT.UseSmallFormat:0]]
[2022.04.12-11.11.28:584][  0]LogConfig: Setting CVar [[r.SkyAtmosphere.TransmittanceLUT.SampleCount:10.0]]
[2022.04.12-11.11.28:584][  0]LogConfig: Setting CVar [[r.SkyAtmosphere.MultiScatteringLUT.SampleCount:15.0]]
[2022.04.12-11.11.28:584][  0]LogConfig: Setting CVar [[r.SkyLight.RealTimeReflectionCapture:1]]
[2022.04.12-11.11.28:584][  0]LogConfig: Applying CVar settings from Section [FoliageQuality@3] File [D:/Files/School/Saxion/Year 2/Term 3/Advanced Tools/Repo/Unreal/Saved/Config/Windows/Scalability.ini]
[2022.04.12-11.11.28:584][  0]LogConfig: Setting CVar [[foliage.DensityScale:1.0]]
[2022.04.12-11.11.28:584][  0]LogConfig: Setting CVar [[grass.DensityScale:1.0]]
[2022.04.12-11.11.28:584][  0]LogConfig: Applying CVar settings from Section [ShadingQuality@3] File [D:/Files/School/Saxion/Year 2/Term 3/Advanced Tools/Repo/Unreal/Saved/Config/Windows/Scalability.ini]
[2022.04.12-11.11.28:584][  0]LogConfig: Setting CVar [[r.HairStrands.SkyLighting.IntegrationType:2]]
[2022.04.12-11.11.28:584][  0]LogConfig: Setting CVar [[r.HairStrands.SkyAO.SampleCount:4]]
[2022.04.12-11.11.28:585][  0]LogConfig: Setting CVar [[r.HairStrands.Visibility.MSAA.SamplePerPixel:4]]
[2022.04.12-11.11.28:585][  0]LogInit: Selected Device Profile: [Windows]
[2022.04.12-11.11.28:585][  0]LogInit: Applying CVar settings loaded from the selected device profile: [Windows]
[2022.04.12-11.11.28:585][  0]LogHAL: Display: Platform has ~ 16 GB [17109413888 / 17179869184 / 16], which maps to Larger [LargestMinGB=32, LargerMinGB=12, DefaultMinGB=8, SmallerMinGB=6, SmallestMinGB=0)
[2022.04.12-11.11.28:585][  0]LogInit: Going up to parent DeviceProfile []
[2022.04.12-11.11.28:585][  0]LogConfig: Applying CVar settings from Section [ViewDistanceQuality@3] File [D:/Files/School/Saxion/Year 2/Term 3/Advanced Tools/Repo/Unreal/Saved/Config/Windows/Scalability.ini]
[2022.04.12-11.11.28:585][  0]LogConfig: Setting CVar [[r.SkeletalMeshLODBias:0]]
[2022.04.12-11.11.28:585][  0]LogConfig: Setting CVar [[r.ViewDistanceScale:1.0]]
[2022.04.12-11.11.28:585][  0]LogConfig: Applying CVar settings from Section [AntiAliasingQuality@3] File [D:/Files/School/Saxion/Year 2/Term 3/Advanced Tools/Repo/Unreal/Saved/Config/Windows/Scalability.ini]
[2022.04.12-11.11.28:585][  0]LogConfig: Setting CVar [[r.PostProcessAAQuality:4]]
[2022.04.12-11.11.28:585][  0]LogConfig: Applying CVar settings from Section [ShadowQuality@3] File [D:/Files/School/Saxion/Year 2/Term 3/Advanced Tools/Repo/Unreal/Saved/Config/Windows/Scalability.ini]
[2022.04.12-11.11.28:585][  0]LogConfig: Setting CVar [[r.LightFunctionQuality:1]]
[2022.04.12-11.11.28:585][  0]LogConfig: Setting CVar [[r.ShadowQuality:5]]
[2022.04.12-11.11.28:585][  0]LogConfig: Setting CVar [[r.Shadow.CSM.MaxCascades:10]]
[2022.04.12-11.11.28:585][  0]LogConfig: Setting CVar [[r.Shadow.MaxResolution:2048]]
[2022.04.12-11.11.28:585][  0]LogConfig: Setting CVar [[r.Shadow.MaxCSMResolution:2048]]
[2022.04.12-11.11.28:585][  0]LogConfig: Setting CVar [[r.Shadow.RadiusThreshold:0.01]]
[2022.04.12-11.11.28:585][  0]LogConfig: Setting CVar [[r.Shadow.DistanceScale:1.0]]
[2022.04.12-11.11.28:585][  0]LogConfig: Setting CVar [[r.Shadow.CSM.TransitionScale:1.0]]
[2022.04.12-11.11.28:585][  0]LogConfig: Setting CVar [[r.Shadow.PreShadowResolutionFactor:1.0]]
[2022.04.12-11.11.28:585][  0]LogConfig: Setting CVar [[r.DistanceFieldShadowing:1]]
[2022.04.12-11.11.28:585][  0]LogConfig: Setting CVar [[r.DistanceFieldAO:1]]
[2022.04.12-11.11.28:585][  0]LogConfig: Setting CVar [[r.AOQuality:2]]
[2022.04.12-11.11.28:585][  0]LogConfig: Setting CVar [[r.VolumetricFog:1]]
[2022.04.12-11.11.28:585][  0]LogConfig: Setting CVar [[r.VolumetricFog.GridPixelSize:8]]
[2022.04.12-11.11.28:585][  0]LogConfig: Setting CVar [[r.VolumetricFog.GridSizeZ:128]]
[2022.04.12-11.11.28:585][  0]LogConfig: Setting CVar [[r.VolumetricFog.HistoryMissSupersampleCount:4]]
[2022.04.12-11.11.28:585][  0]LogConfig: Setting CVar [[r.LightMaxDrawDistanceScale:1]]
[2022.04.12-11.11.28:585][  0]LogConfig: Setting CVar [[r.CapsuleShadows:1]]
[2022.04.12-11.11.28:585][  0]LogConfig: Applying CVar settings from Section [PostProcessQuality@3] File [D:/Files/School/Saxion/Year 2/Term 3/Advanced Tools/Repo/Unreal/Saved/Config/Windows/Scalability.ini]
[2022.04.12-11.11.28:585][  0]LogConfig: Setting CVar [[r.MotionBlurQuality:4]]
[2022.04.12-11.11.28:585][  0]LogConfig: Setting CVar [[r.AmbientOcclusionMipLevelFactor:0.4]]
[2022.04.12-11.11.28:585][  0]LogConfig: Setting CVar [[r.AmbientOcclusionMaxQuality:100]]
[2022.04.12-11.11.28:585][  0]LogConfig: Setting CVar [[r.AmbientOcclusionLevels:-1]]
[2022.04.12-11.11.28:585][  0]LogConfig: Setting CVar [[r.AmbientOcclusionRadiusScale:1.0]]
[2022.04.12-11.11.28:585][  0]LogConfig: Setting CVar [[r.DepthOfFieldQuality:2]]
[2022.04.12-11.11.28:585][  0]LogConfig: Setting CVar [[r.RenderTargetPoolMin:400]]
[2022.04.12-11.11.28:585][  0]LogConfig: Setting CVar [[r.LensFlareQuality:2]]
[2022.04.12-11.11.28:585][  0]LogConfig: Setting CVar [[r.SceneColorFringeQuality:1]]
[2022.04.12-11.11.28:585][  0]LogConfig: Setting CVar [[r.EyeAdaptationQuality:2]]
[2022.04.12-11.11.28:585][  0]LogConfig: Setting CVar [[r.BloomQuality:5]]
[2022.04.12-11.11.28:585][  0]LogConfig: Setting CVar [[r.FastBlurThreshold:100]]
[2022.04.12-11.11.28:585][  0]LogConfig: Setting CVar [[r.Upscale.Quality:3]]
[2022.04.12-11.11.28:585][  0]LogConfig: Setting CVar [[r.Tonemapper.GrainQuantization:1]]
[2022.04.12-11.11.28:585][  0]LogConfig: Setting CVar [[r.LightShaftQuality:1]]
[2022.04.12-11.11.28:585][  0]LogConfig: Setting CVar [[r.Filter.SizeScale:1]]
[2022.04.12-11.11.28:586][  0]LogConfig: Setting CVar [[r.Tonemapper.Quality:5]]
[2022.04.12-11.11.28:586][  0]LogConfig: Setting CVar [[r.DOF.Gather.AccumulatorQuality:1        ; higher gathering accumulator quality]]
[2022.04.12-11.11.28:586][  0]LogConfig: Setting CVar [[r.DOF.Gather.PostfilterMethod:1          ; Median3x3 postfilering method]]
[2022.04.12-11.11.28:586][  0]LogConfig: Setting CVar [[r.DOF.Gather.EnableBokehSettings:0       ; no bokeh simulation when gathering]]
[2022.04.12-11.11.28:586][  0]LogConfig: Setting CVar [[r.DOF.Gather.RingCount:4                 ; medium number of samples when gathering]]
[2022.04.12-11.11.28:586][  0]LogConfig: Setting CVar [[r.DOF.Scatter.ForegroundCompositing:1    ; additive foreground scattering]]
[2022.04.12-11.11.28:586][  0]LogConfig: Setting CVar [[r.DOF.Scatter.BackgroundCompositing:2    ; additive background scattering]]
[2022.04.12-11.11.28:586][  0]LogConfig: Setting CVar [[r.DOF.Scatter.EnableBokehSettings:1      ; bokeh simulation when scattering]]
[2022.04.12-11.11.28:586][  0]LogConfig: Setting CVar [[r.DOF.Scatter.MaxSpriteRatio:0.1         ; only a maximum of 10% of scattered bokeh]]
[2022.04.12-11.11.28:586][  0]LogConfig: Setting CVar [[r.DOF.Recombine.Quality:1                ; cheap slight out of focus]]
[2022.04.12-11.11.28:586][  0]LogConfig: Setting CVar [[r.DOF.Recombine.EnableBokehSettings:0    ; no bokeh simulation on slight out of focus]]
[2022.04.12-11.11.28:586][  0]LogConfig: Setting CVar [[r.DOF.TemporalAAQuality:1                ; more stable temporal accumulation]]
[2022.04.12-11.11.28:586][  0]LogConfig: Setting CVar [[r.DOF.Kernel.MaxForegroundRadius:0.025]]
[2022.04.12-11.11.28:586][  0]LogConfig: Setting CVar [[r.DOF.Kernel.MaxBackgroundRadius:0.025]]
[2022.04.12-11.11.28:586][  0]LogConfig: Applying CVar settings from Section [TextureQuality@3] File [D:/Files/School/Saxion/Year 2/Term 3/Advanced Tools/Repo/Unreal/Saved/Config/Windows/Scalability.ini]
[2022.04.12-11.11.28:586][  0]LogConfig: Setting CVar [[r.Streaming.MipBias:0]]
[2022.04.12-11.11.28:586][  0]LogConfig: Setting CVar [[r.Streaming.AmortizeCPUToGPUCopy:0]]
[2022.04.12-11.11.28:586][  0]LogConfig: Setting CVar [[r.Streaming.MaxNumTexturesToStreamPerFrame:0]]
[2022.04.12-11.11.28:586][  0]LogConfig: Setting CVar [[r.Streaming.Boost:1]]
[2022.04.12-11.11.28:586][  0]LogConfig: Setting CVar [[r.MaxAnisotropy:8]]
[2022.04.12-11.11.28:586][  0]LogConfig: Setting CVar [[r.VT.MaxAnisotropy:8]]
[2022.04.12-11.11.28:586][  0]LogConfig: Setting CVar [[r.Streaming.LimitPoolSizeToVRAM:0]]
[2022.04.12-11.11.28:586][  0]LogConfig: Setting CVar [[r.Streaming.PoolSize:1000]]
[2022.04.12-11.11.28:586][  0]LogConfig: Setting CVar [[r.Streaming.MaxEffectiveScreenSize:0]]
[2022.04.12-11.11.28:586][  0]LogConfig: Applying CVar settings from Section [EffectsQuality@3] File [D:/Files/School/Saxion/Year 2/Term 3/Advanced Tools/Repo/Unreal/Saved/Config/Windows/Scalability.ini]
[2022.04.12-11.11.28:586][  0]LogConfig: Setting CVar [[r.TranslucencyLightingVolumeDim:64]]
[2022.04.12-11.11.28:586][  0]LogConfig: Setting CVar [[r.RefractionQuality:2]]
[2022.04.12-11.11.28:586][  0]LogConfig: Setting CVar [[r.SSR.Quality:3]]
[2022.04.12-11.11.28:586][  0]LogConfig: Setting CVar [[r.SSR.HalfResSceneColor:0]]
[2022.04.12-11.11.28:586][  0]LogConfig: Setting CVar [[r.SceneColorFormat:4]]
[2022.04.12-11.11.28:586][  0]LogConfig: Setting CVar [[r.DetailMode:2]]
[2022.04.12-11.11.28:586][  0]LogConfig: Setting CVar [[r.TranslucencyVolumeBlur:1]]
[2022.04.12-11.11.28:586][  0]LogConfig: Setting CVar [[r.MaterialQualityLevel:1 ; High quality]]
[2022.04.12-11.11.28:586][  0]LogConfig: Setting CVar [[r.AnisotropicMaterials:1]]
[2022.04.12-11.11.28:586][  0]LogConfig: Setting CVar [[r.SSS.Scale:1]]
[2022.04.12-11.11.28:586][  0]LogConfig: Setting CVar [[r.SSS.SampleSet:2]]
[2022.04.12-11.11.28:586][  0]LogConfig: Setting CVar [[r.SSS.Quality:1]]
[2022.04.12-11.11.28:586][  0]LogConfig: Setting CVar [[r.SSS.HalfRes:0]]
[2022.04.12-11.11.28:586][  0]LogConfig: Setting CVar [[r.SSGI.Quality:3]]
[2022.04.12-11.11.28:587][  0]LogConfig: Setting CVar [[r.EmitterSpawnRateScale:1.0]]
[2022.04.12-11.11.28:587][  0]LogConfig: Setting CVar [[r.ParticleLightQuality:2]]
[2022.04.12-11.11.28:587][  0]LogConfig: Setting CVar [[r.SkyAtmosphere.AerialPerspectiveLUT.FastApplyOnOpaque:1 ; Always have FastSkyLUT 1 in this case to avoid wrong sky]]
[2022.04.12-11.11.28:587][  0]LogConfig: Setting CVar [[r.SkyAtmosphere.AerialPerspectiveLUT.SampleCountMaxPerSlice:4]]
[2022.04.12-11.11.28:587][  0]LogConfig: Setting CVar [[r.SkyAtmosphere.AerialPerspectiveLUT.DepthResolution:16.0]]
[2022.04.12-11.11.28:587][  0]LogConfig: Setting CVar [[r.SkyAtmosphere.FastSkyLUT:1]]
[2022.04.12-11.11.28:587][  0]LogConfig: Setting CVar [[r.SkyAtmosphere.FastSkyLUT.SampleCountMin:4.0]]
[2022.04.12-11.11.28:587][  0]LogConfig: Setting CVar [[r.SkyAtmosphere.FastSkyLUT.SampleCountMax:128.0]]
[2022.04.12-11.11.28:587][  0]LogConfig: Setting CVar [[r.SkyAtmosphere.SampleCountMin:4.0]]
[2022.04.12-11.11.28:587][  0]LogConfig: Setting CVar [[r.SkyAtmosphere.SampleCountMax:128.0]]
[2022.04.12-11.11.28:587][  0]LogConfig: Setting CVar [[r.SkyAtmosphere.TransmittanceLUT.UseSmallFormat:0]]
[2022.04.12-11.11.28:587][  0]LogConfig: Setting CVar [[r.SkyAtmosphere.TransmittanceLUT.SampleCount:10.0]]
[2022.04.12-11.11.28:587][  0]LogConfig: Setting CVar [[r.SkyAtmosphere.MultiScatteringLUT.SampleCount:15.0]]
[2022.04.12-11.11.28:587][  0]LogConfig: Setting CVar [[r.SkyLight.RealTimeReflectionCapture:1]]
[2022.04.12-11.11.28:587][  0]LogConfig: Applying CVar settings from Section [FoliageQuality@3] File [D:/Files/School/Saxion/Year 2/Term 3/Advanced Tools/Repo/Unreal/Saved/Config/Windows/Scalability.ini]
[2022.04.12-11.11.28:587][  0]LogConfig: Setting CVar [[foliage.DensityScale:1.0]]
[2022.04.12-11.11.28:587][  0]LogConfig: Setting CVar [[grass.DensityScale:1.0]]
[2022.04.12-11.11.28:587][  0]LogConfig: Applying CVar settings from Section [ShadingQuality@3] File [D:/Files/School/Saxion/Year 2/Term 3/Advanced Tools/Repo/Unreal/Saved/Config/Windows/Scalability.ini]
[2022.04.12-11.11.28:587][  0]LogConfig: Setting CVar [[r.HairStrands.SkyLighting.IntegrationType:2]]
[2022.04.12-11.11.28:587][  0]LogConfig: Setting CVar [[r.HairStrands.SkyAO.SampleCount:4]]
[2022.04.12-11.11.28:587][  0]LogConfig: Setting CVar [[r.HairStrands.Visibility.MSAA.SamplePerPixel:4]]
[2022.04.12-11.11.28:587][  0]LogConfig: Applying CVar settings from Section [Startup] File [../../../Engine/Config/ConsoleVariables.ini]
[2022.04.12-11.11.28:587][  0]LogConfig: Setting CVar [[net.UseAdaptiveNetUpdateFrequency:0]]
[2022.04.12-11.11.28:587][  0]LogConfig: Setting CVar [[p.chaos.AllowCreatePhysxBodies:1]]
[2022.04.12-11.11.28:587][  0]LogConfig: Setting CVar [[fx.SkipVectorVMBackendOptimizations:1]]
[2022.04.12-11.11.28:587][  0]LogConfig: Applying CVar settings from Section [ConsoleVariables] File [D:/Files/School/Saxion/Year 2/Term 3/Advanced Tools/Repo/Unreal/Saved/Config/Windows/Engine.ini]
[2022.04.12-11.11.28:588][  0]LogConfig: Applying CVar settings from Section [ConsoleVariables] File [D:/Files/School/Saxion/Year 2/Term 3/Advanced Tools/Repo/Unreal/Saved/Config/Windows/Editor.ini]
[2022.04.12-11.11.28:588][  0]LogInit: Computer: DESKTOP-UK6JANJ
[2022.04.12-11.11.28:588][  0]LogInit: User: Gebruiker
[2022.04.12-11.11.28:588][  0]LogInit: CPU Page size=4096, Cores=4
[2022.04.12-11.11.28:588][  0]LogInit: High frequency timer resolution =10.000000 MHz
[2022.04.12-11.11.28:588][  0]LogMemory: Memory total: Physical=15.9GB (16GB approx)
[2022.04.12-11.11.28:588][  0]LogMemory: Platform Memory Stats for Windows
[2022.04.12-11.11.28:588][  0]LogMemory: Process Physical Memory: 146.39 MB used, 146.39 MB peak
[2022.04.12-11.11.28:588][  0]LogMemory: Process Virtual Memory: 112.63 MB used, 112.63 MB peak
[2022.04.12-11.11.28:588][  0]LogMemory: Physical Memory: 9762.15 MB used,  6554.66 MB free, 16316.81 MB total
[2022.04.12-11.11.28:588][  0]LogMemory: Virtual Memory: 134199992.00 MB used,  17739.60 MB free, 134217728.00 MB total
[2022.04.12-11.11.28:596][  0]LogWindows: WindowsPlatformFeatures enabled
[2022.04.12-11.11.28:681][  0]LogInit: Physics initialised using underlying interface: PhysX
[2022.04.12-11.11.28:682][  0]LogInit: Using OS detected language (en-GB).
[2022.04.12-11.11.28:682][  0]LogInit: Using OS detected locale (en-GB).
[2022.04.12-11.11.28:692][  0]LogTextLocalizationManager: No specific localization for 'en-GB' exists, so the 'en' localization will be used.
[2022.04.12-11.11.29:013][  0]LogInit: Setting process to per monitor DPI aware
[2022.04.12-11.11.29:078][  0]LogWindowsTextInputMethodSystem: Display: IME system deactivated.
[2022.04.12-11.11.29:099][  0]LogSlate: New Slate User Created.  User Index 0, Is Virtual User: 0
[2022.04.12-11.11.29:099][  0]LogSlate: Slate User Registered.  User Index 0, Is Virtual User: 0
[2022.04.12-11.11.29:384][  0]LogD3D11RHI: Loaded GFSDK_Aftermath_Lib.x64.dll
[2022.04.12-11.11.35:092][  0]LogHMD: Failed to initialize OpenVR with code 108
[2022.04.12-11.11.35:092][  0]LogD3D11RHI: D3D11 min allowed feature level: 11_0
[2022.04.12-11.11.35:092][  0]LogD3D11RHI: D3D11 max allowed feature level: 11_0
[2022.04.12-11.11.35:092][  0]LogD3D11RHI: D3D11 adapters:
[2022.04.12-11.11.35:262][  0]LogD3D11RHI:    0. 'NVIDIA GeForce GTX 1060' (Feature Level 11_0)
[2022.04.12-11.11.35:262][  0]LogD3D11RHI:       6052/0/8158 MB DedicatedVideo/DedicatedSystem/SharedSystem, Outputs:1, VendorId:0x10de
[2022.04.12-11.11.35:266][  0]LogD3D11RHI:    1. 'Microsoft Basic Render Driver' (Feature Level 11_0)
[2022.04.12-11.11.35:266][  0]LogD3D11RHI:       0/0/8158 MB DedicatedVideo/DedicatedSystem/SharedSystem, Outputs:0, VendorId:0x1414
[2022.04.12-11.11.35:266][  0]LogD3D11RHI: Chosen D3D11 Adapter:
[2022.04.12-11.11.35:266][  0]LogD3D11RHI:     Description : NVIDIA GeForce GTX 1060
[2022.04.12-11.11.35:266][  0]LogD3D11RHI:     VendorId    : 10de
[2022.04.12-11.11.35:266][  0]LogD3D11RHI:     DeviceId    : 1c60
[2022.04.12-11.11.35:266][  0]LogD3D11RHI:     SubSysId    : 15801043
[2022.04.12-11.11.35:266][  0]LogD3D11RHI:     Revision    : 00a1
[2022.04.12-11.11.35:267][  0]LogD3D11RHI:     DedicatedVideoMemory : 6345981952 bytes
[2022.04.12-11.11.35:267][  0]LogD3D11RHI:     DedicatedSystemMemory : 0 bytes
[2022.04.12-11.11.35:267][  0]LogD3D11RHI:     SharedSystemMemory : 8554706944 bytes
[2022.04.12-11.11.35:267][  0]LogD3D11RHI:     AdapterLuid : 0 46439
[2022.04.12-11.11.35:278][  0]LogD3D11RHI: Creating new Direct3DDevice
[2022.04.12-11.11.35:278][  0]LogD3D11RHI:     GPU DeviceId: 0x1c60 (for the marketing name, search the web for "GPU Device Id")
[2022.04.12-11.11.35:278][  0]LogWindows: EnumDisplayDevices:
[2022.04.12-11.11.35:278][  0]LogWindows:    0. 'NVIDIA GeForce GTX 1060' (P:1 D:1)
[2022.04.12-11.11.35:278][  0]LogWindows:    1. 'NVIDIA GeForce GTX 1060' (P:0 D:0)
[2022.04.12-11.11.35:279][  0]LogWindows:    2. 'NVIDIA GeForce GTX 1060' (P:0 D:0)
[2022.04.12-11.11.35:279][  0]LogWindows:    3. 'NVIDIA GeForce GTX 1060' (P:0 D:0)
[2022.04.12-11.11.35:279][  0]LogWindows: DebugString: FoundDriverCount:4 
[2022.04.12-11.11.35:279][  0]LogD3D11RHI:     Adapter Name: NVIDIA GeForce GTX 1060
[2022.04.12-11.11.35:279][  0]LogD3D11RHI:   Driver Version: 497.09 (internal:30.0.14.9709, unified:497.09)
[2022.04.12-11.11.35:279][  0]LogD3D11RHI:      Driver Date: 11-26-2021
[2022.04.12-11.11.35:279][  0]LogRHI: Texture pool is 4236 MB (70% of 6052 MB)
[2022.04.12-11.11.35:279][  0]LogD3D11RHI: Creating D3DDevice using adapter:
[2022.04.12-11.11.35:279][  0]LogD3D11RHI:     Description : NVIDIA GeForce GTX 1060
[2022.04.12-11.11.35:279][  0]LogD3D11RHI:     VendorId    : 10de
[2022.04.12-11.11.35:279][  0]LogD3D11RHI:     DeviceId    : 1c60
[2022.04.12-11.11.35:279][  0]LogD3D11RHI:     SubSysId    : 15801043
[2022.04.12-11.11.35:280][  0]LogD3D11RHI:     Revision    : 00a1
[2022.04.12-11.11.35:280][  0]LogD3D11RHI:     DedicatedVideoMemory : 6345981952 bytes
[2022.04.12-11.11.35:280][  0]LogD3D11RHI:     DedicatedSystemMemory : 0 bytes
[2022.04.12-11.11.35:280][  0]LogD3D11RHI:     SharedSystemMemory : 8554706944 bytes
[2022.04.12-11.11.35:280][  0]LogD3D11RHI:     AdapterLuid : 0 46439
[2022.04.12-11.11.35:373][  0]LogD3D11RHI: RHI has support for 64 bit atomics
[2022.04.12-11.11.35:373][  0]LogD3D11RHI: Async texture creation enabled
[2022.04.12-11.11.35:373][  0]LogD3D11RHI: Array index from any shader is supported
[2022.04.12-11.11.35:396][  0]LogD3D11RHI: GPU Timing Frequency: 1000.000000 (Debug: 2 1)
[2022.04.12-11.11.35:457][  0]LogRHI: GeForceNow SDK initialized: 1
[2022.04.12-11.11.35:906][  0]LogTargetPlatformManager: Display: Loaded TargetPlatform 'AllDesktop'
[2022.04.12-11.11.35:941][  0]LogTargetPlatformManager: Display: Loaded TargetPlatform 'Android'
[2022.04.12-11.11.35:941][  0]LogTargetPlatformManager: Display: Loaded TargetPlatform 'Android_ASTC'
[2022.04.12-11.11.35:941][  0]LogTargetPlatformManager: Display: Loaded TargetPlatform 'Android_DXT'
[2022.04.12-11.11.35:941][  0]LogTargetPlatformManager: Display: Loaded TargetPlatform 'Android_ETC2'
[2022.04.12-11.11.35:941][  0]LogTargetPlatformManager: Display: Loaded TargetPlatform 'AndroidClient'
[2022.04.12-11.11.35:941][  0]LogTargetPlatformManager: Display: Loaded TargetPlatform 'Android_ASTCClient'
[2022.04.12-11.11.35:941][  0]LogTargetPlatformManager: Display: Loaded TargetPlatform 'Android_DXTClient'
[2022.04.12-11.11.35:941][  0]LogTargetPlatformManager: Display: Loaded TargetPlatform 'Android_ETC2Client'
[2022.04.12-11.11.35:941][  0]LogTargetPlatformManager: Display: Loaded TargetPlatform 'Android_Multi'
[2022.04.12-11.11.35:941][  0]LogTargetPlatformManager: Display: Loaded TargetPlatform 'Android_MultiClient'
[2022.04.12-11.11.35:971][  0]LogTargetPlatformManager: Display: Loaded TargetPlatform 'IOSClient'
[2022.04.12-11.11.35:971][  0]LogTargetPlatformManager: Display: Loaded TargetPlatform 'IOS'
[2022.04.12-11.11.35:985][  0]LogTargetPlatformManager: Display: Loaded TargetPlatform 'Linux'
[2022.04.12-11.11.35:992][  0]LogTargetPlatformManager: Display: Loaded TargetPlatform 'LinuxNoEditor'
[2022.04.12-11.11.35:998][  0]LogTargetPlatformManager: Display: Loaded TargetPlatform 'LinuxClient'
[2022.04.12-11.11.36:006][  0]LogTargetPlatformManager: Display: Loaded TargetPlatform 'LinuxServer'
[2022.04.12-11.11.36:024][  0]LogTargetPlatformManager: Display: Loaded TargetPlatform 'LinuxAArch64NoEditor'
[2022.04.12-11.11.36:033][  0]LogTargetPlatformManager: Display: Loaded TargetPlatform 'LinuxAArch64Client'
[2022.04.12-11.11.36:040][  0]LogTargetPlatformManager: Display: Loaded TargetPlatform 'LinuxAArch64Server'
[2022.04.12-11.11.36:076][  0]LogTargetPlatformManager: Display: Loaded TargetPlatform 'Lumin'
[2022.04.12-11.11.36:076][  0]LogTargetPlatformManager: Display: Loaded TargetPlatform 'LuminClient'
[2022.04.12-11.11.36:088][  0]LogTargetPlatformManager: Display: Loaded TargetPlatform 'MacNoEditor'
[2022.04.12-11.11.36:095][  0]LogTargetPlatformManager: Display: Loaded TargetPlatform 'Mac'
[2022.04.12-11.11.36:101][  0]LogTargetPlatformManager: Display: Loaded TargetPlatform 'MacClient'
[2022.04.12-11.11.36:108][  0]LogTargetPlatformManager: Display: Loaded TargetPlatform 'MacServer'
[2022.04.12-11.11.36:124][  0]LogTargetPlatformManager: Display: Loaded TargetPlatform 'TVOSClient'
[2022.04.12-11.11.36:124][  0]LogTargetPlatformManager: Display: Loaded TargetPlatform 'TVOS'
[2022.04.12-11.11.36:138][  0]LogTargetPlatformManager: Display: Loaded TargetPlatform 'WindowsNoEditor'
[2022.04.12-11.11.36:145][  0]LogTargetPlatformManager: Display: Loaded TargetPlatform 'Windows'
[2022.04.12-11.11.36:151][  0]LogTargetPlatformManager: Display: Loaded TargetPlatform 'WindowsClient'
[2022.04.12-11.11.36:157][  0]LogTargetPlatformManager: Display: Loaded TargetPlatform 'WindowsServer'
[2022.04.12-11.11.36:158][  0]LogTargetPlatformManager: Display: Building Assets For Windows
[2022.04.12-11.11.36:168][  0]LogAudioDebug: Display: Lib vorbis DLL was dynamically loaded.
[2022.04.12-11.11.36:226][  0]LogTextureFormatOodle: Display: Oodle Texture 2.9.0 init RDO Off
[2022.04.12-11.11.36:270][  0]LogRendererCore: Ray tracing is disabled. Reason: r.RayTracing=0.
[2022.04.12-11.11.36:270][  0]LogShaderCompilers: Guid format shader working directory is -29 characters bigger than the processId version (../../../../../../Files/School/Saxion/Year 2/Term 3/Advanced Tools/Repo/Unreal/Intermediate/Shaders/WorkingDirectory/22156/).
[2022.04.12-11.11.36:270][  0]LogShaderCompilers: Cleaned the shader compiler working directory 'C:/Users/Gebruiker/AppData/Local/Temp/UnrealShaderWorkingDir/206153D34FF0840603A975800FB6EADA/'.
[2022.04.12-11.11.36:271][  0]LogXGEController: Cannot use XGE Controller as Incredibuild is not installed on this machine.
[2022.04.12-11.11.36:271][  0]LogShaderCompilers: Cannot use XGE Shader Compiler as Incredibuild is not installed on this machine.
[2022.04.12-11.11.36:271][  0]LogShaderCompilers: Display: Using Local Shader Compiler.
[2022.04.12-11.11.37:245][  0]LogDerivedDataCache: Display: Max Cache Size: 512 MB
[2022.04.12-11.11.37:338][  0]LogDerivedDataCache: Loaded boot cache 0.09s 94MB C:/Users/Gebruiker/AppData/Local/UnrealEngine/4.27/DerivedDataCache/Boot.ddc.
[2022.04.12-11.11.37:338][  0]LogDerivedDataCache: Display: Loaded Boot cache: C:/Users/Gebruiker/AppData/Local/UnrealEngine/4.27/DerivedDataCache/Boot.ddc
[2022.04.12-11.11.37:338][  0]LogDerivedDataCache: FDerivedDataBackendGraph:  Pak pak cache file ../../../../../../Files/School/Saxion/Year 2/Term 3/Advanced Tools/Repo/Unreal/DerivedDataCache/DDC.ddp not found, will not use a pak cache.
[2022.04.12-11.11.37:338][  0]LogDerivedDataCache: Unable to find inner node Pak for hierarchical cache Hierarchy.
[2022.04.12-11.11.37:338][  0]LogDerivedDataCache: FDerivedDataBackendGraph:  CompressedPak pak cache file ../../../../../../Files/School/Saxion/Year 2/Term 3/Advanced Tools/Repo/Unreal/DerivedDataCache/Compressed.ddp not found, will not use a pak cache.
[2022.04.12-11.11.37:338][  0]LogDerivedDataCache: Unable to find inner node CompressedPak for hierarchical cache Hierarchy.
[2022.04.12-11.11.37:363][  0]LogDerivedDataCache: Display: Pak cache opened for reading ../../../Engine/DerivedDataCache/Compressed.ddp.
[2022.04.12-11.11.37:363][  0]LogDerivedDataCache: FDerivedDataBackendGraph:  EnterprisePak pak cache file ../../../Enterprise/DerivedDataCache/Compressed.ddp not found, will not use a pak cache.
[2022.04.12-11.11.37:363][  0]LogDerivedDataCache: Unable to find inner node EnterprisePak for hierarchical cache Hierarchy.
[2022.04.12-11.11.37:372][  0]LogDerivedDataCache: Speed tests for C:/Users/Gebruiker/AppData/Local/UnrealEngine/Common/DerivedDataCache took 0.01 seconds
[2022.04.12-11.11.37:372][  0]LogDerivedDataCache: Display: Performance to C:/Users/Gebruiker/AppData/Local/UnrealEngine/Common/DerivedDataCache: Latency=0.05ms. RandomReadSpeed=945.19MBs, RandomWriteSpeed=119.90MBs. Assigned SpeedClass 'Local'
[2022.04.12-11.11.37:374][  0]LogDerivedDataCache: Using Local data cache path C:/Users/Gebruiker/AppData/Local/UnrealEngine/Common/DerivedDataCache: Writable
[2022.04.12-11.11.37:374][  0]LogDerivedDataCache: Shared data cache path not found in *engine.ini, will not use an Shared cache.
[2022.04.12-11.11.37:374][  0]LogDerivedDataCache: Unable to find inner node Shared for hierarchical cache Hierarchy.
[2022.04.12-11.11.37:451][  0]LogSlate: Using FreeType 2.10.0
[2022.04.12-11.11.37:451][  0]LogSlate: SlateFontServices - WITH_FREETYPE: 1, WITH_HARFBUZZ: 1
[2022.04.12-11.11.37:488][  0]LogAssetRegistry: FAssetRegistry took 0.0036 seconds to start up
[2022.04.12-11.11.37:809][  0]LogInit: Selected Device Profile: [Windows]
[2022.04.12-11.11.37:809][  0]LogInit: Active device profile: [0000021D80023A00][0000021DFB430940 49] Windows
[2022.04.12-11.11.37:809][  0]LogInit: Profiles: [0000021D80023A00][0000021DFB430940 49] Windows, [0000021D80FE8700][0000021DFD93CA80 49] WindowsNoEditor, [0000021D80020700][0000021DFDBC8BC0 49] WindowsServer, [0000021D80FEB500][0000021DFDBCCD00 49] WindowsClient, [0000021D80023400][0000021DFDBD4E80 49] IOS, [0000021D80FE8F00][0000021DFDBD9000 49] iPadAir, [0000021D80020E00][0000021DFDBDD180 49] iPadAir2, [0000021D80F90600][0000021DFDBE5440 49] IPadPro, [0000021D80F90700][0000021DFDBE1480 49] iPadAir3, [0000021D80022F00][0000021DFDBE9600 49] iPadAir4, [0000021D80F93800][0000021DFDBED780 49] iPadMini2, [0000021D80021100][0000021DFDBF1900 49] iPadMini3, [0000021D80F91700][0000021DFDBF5A80 49] iPadMini4, [0000021D80022900][0000021DFDBF9C00 49] iPadMini5, [0000021D80F8BE00][0000021DFC026340 49] iPhone6, [0000021D80F8BF00][0000021DFDBFC380 49] iPodTouch6, [0000021D80FEB400][0000021DFC02E640 49] iPhone7, [0000021D80F93300][0000021DFC02A680 49] iPodTouch7, [0000021D80F88A00][0000021DFC032800 49] iPhone5S, [0000021D80F93B00][0000021DFC036980 49] iPhone6Plus, [0000021D80F8B000][0000021DFC03AB00 49] iPhone6S, [0000021D80F92900][0000021DFDBD0C40 49] iPhone6SPlus, [0000021D80F89100][0000021DFC03ED80 49] iPhone7Plus, [0000021D80F92500][0000021DFC042EC0 49] iPhoneSE, [0000021D80F8AA00][0000021DFC04B040 49] iPhone8, [0000021D80F90E00][0000021DFC04F1C0 49] iPhone8Plus, [0000021D80F89700][0000021DFC053340 49] iPhoneX, [0000021D80F91600][0000021DFC0574C0 49] iPhoneXS, [0000021D80F8BD00][0000021DFC05B640 49] iPhoneXSMax, [0000021D80F91900][0000021DFC05F7C0 49] iPhoneXR, [0000021D80F88800][0000021DFC063940 49] iPhone11, [0000021D80F92D00][0000021DFC067AC0 49] iPhone11Pro, [0000021D80F88D00][0000021DFC06A0C0 49] iPhone11ProMax, [0000021D80F92800][0000021DFC06E240 49] iPhoneSE2, [0000021D80F88C00][0000021DFC0723C0 49] iPhone12Mini, [0000021D80F92600][0000021DFC076540 49] iPhone12, [0000021D80F8A500][0000021DFC07A6C0 49] iPhone12Pro, [0000021D80F91000][0000021DFC07E840 49] iPhone12ProMax, [0000021D80F89B00][0000021DFC0829C0 49] iPadPro105, [0000021D80F90100][0000021DFC086B40 49] iPadPro129, [0000021D80F8B100][0000021DFC08ACC0 49] iPadPro97, [0000021D80F93A00][0000021DFC046E00 49] iPadPro2_129, [0000021D80F8AB00][0000021DFC08EF40 49] iPad5, [0000021D80F91200][0000021DFC093080 49] iPad6, [0000021D80F8BB00][0000021DFC0971C0 49] iPad7, [0000021D80F93500][0000021DFC09F340 49] iPad8, [0000021D80F8B300][0000021DFC0A34C0 49] iPadPro11, [0000021D80F92F00][0000021D81253640 49] iPadPro2_11, [0000021D80F89500][0000021D812577C0 49] iPadPro3_129, [0000021D80F93D00][0000021D8125B940 49] iPadPro4_129, [0000021D80F8AD00][0000021D8125FAC0 49] AppleTV, [0000021D80F90A00][0000021D812620C0 49] AppleTV4K, [0000021D80F88700][0000021D81266240 49] TVOS, [0000021D80F92C00][0000021D8126A3C0 49] Mac, [0000021D80F8B900][0000021D8126E540 49] MacClient, [0000021D80F91B00][0000021D812726C0 49] MacNoEditor, [0000021D80F89E00][0000021D81276840 49] MacServer, [0000021D80F92A00][0000021D8127A9C0 49] Linux, [0000021D80F8A300][0000021D8127EB40 49] LinuxAArch64, [0000021D80F92700][0000021D81282CC0 49] LinuxNoEditor, [0000021D80F8A600][0000021D81286E40 49] LinuxAArch64NoEditor, [0000021D80F93900][0000021DFC09AF80 49] LinuxClient, [0000021D80F8B200][0000021D8128B0C0 49] LinuxAArch64Client, [0000021D80F93100][0000021D8128F200 49] LinuxServer, [0000021D80F88600][0000021D81293340 49] LinuxAArch64Server, [0000021D80F91400][0000021D8129B4C0 49] Android, [0000021D80056200][0000021D8129F640 49] Android_Low, [0000021D80FE9800][0000021D812A37C0 49] Android_Mid, [0000021D80054600][0000021D812A7940 49] Android_High, [0000021D80FEB900][0000021D812ABAC0 49] Android_Default, [0000021D80055300][0000021D812AE0C0 49] Android_Adreno4xx, [0000021D80FE9C00][0000021D812B2240 49] Android_Adreno5xx_Low, [0000021D80055000][0000021D812B63C0 49] Android_Adreno5xx, [0000021D80FEA000][0000021D812BA540 49] Android_Adreno6xx, [0000021D80055100][0000021D812BE6C0 49] Android_Adreno6xx_Vulkan, [0000021D80FEAA00][0000021D812C2840 49] Android_Mali_T6xx, [0000021D80055D00][0000021D812C69C0 49] Android_Mali_T7xx, [0000021D80FE9F00][0000021D812CAB40 49] Android_Mali_T8xx, [0000021D80055500][0000021D812CECC0 49] Android_Mali_G71, [0000021D80FEBC00][0000021D812D2E40 49] Android_Mali_G72, [0000021D80054E00][0000021D812D6FC0 49] Android_Mali_G72_Vulkan, [0000021D80FE9900][0000021D812DB140 49] Android_Mali_G76, [0000021D80054800][0000021D81297280 49] Android_Mali_G76_Vulkan, [0000021D80FEB700][0000021D812DF3C0 49] Android_Mali_G77, [0000021D80054C00][0000021D812E3500 49] Android_Mali_G77_Vulkan, [0000021D80FE8E00][0000021D812EB680 49] Android_Mali_G78, [0000021D80055700][0000021D812EF800 49] Android_Mali_G78_Vulkan, [0000021D80FEAB00][0000021D812F3980 49] Android_Mali_G710, [0000021D80F93000][0000021D812F7B00 49] Android_Mali_G710_Vulkan, [0000021D80F8A400][0000021D812FA100 49] Android_Vulkan_SM5, [0000021D80F92000][0000021D812FE280 49] Android_PowerVR_G6xxx, [0000021D80F89D00][0000021D81302400 49] Android_PowerVR_GT7xxx, [0000021D80F90C00][0000021D81306580 49] Android_PowerVR_GE8xxx, [0000021D80F8A900][0000021D8130A700 49] Android_PowerVR_GM9xxx, [0000021D80F91D00][0000021D8130E880 49] Android_PowerVR_GM9xxx_Vulkan, [0000021D80F89300][0000021D81312A00 49] Android_TegraK1, [0000021D80FEA700][0000021D81316B80 49] Android_Unknown_Vulkan, [0000021D80F8AC00][0000021D8131AD00 49] Lumin, [0000021D80F91800][0000021D8131EE80 49] Lumin_Desktop, [0000021D80054300][0000021D81323000 49] HoloLens, 
[2022.04.12-11.11.38:062][  0]LogMeshReduction: Using QuadricMeshReduction for automatic static mesh reduction
[2022.04.12-11.11.38:062][  0]LogMeshReduction: Using SimplygonMeshReduction for automatic skeletal mesh reduction
[2022.04.12-11.11.38:062][  0]LogMeshReduction: Using ProxyLODMeshReduction for automatic mesh merging
[2022.04.12-11.11.38:062][  0]LogMeshReduction: No distributed automatic mesh merging module available
[2022.04.12-11.11.38:062][  0]LogMeshMerging: No distributed automatic mesh merging module available
[2022.04.12-11.11.38:085][  0]LogNetVersion: Unreal 1.0.0, NetCL: 17155196, EngineNetVer: 17, GameNetVer: 0 (Checksum: 2502880035)
[2022.04.12-11.11.38:701][  0]LogTexture: Default maximum texture size for cubemaps generated from long-lat sources has been changed from 512 to unlimited. In order to preserve old behaiour for '/Engine/MapTemplates/Sky/DaylightAmbientCubemap.DaylightAmbientCubemap', its maximum texture size has been explicitly set to 512.
[2022.04.12-11.11.38:800][  0]LogHMD: PokeAHoleMaterial loaded successfully
[2022.04.12-11.11.38:810][  0]LogUObjectArray: 17178 objects as part of root set at end of initial load.
[2022.04.12-11.11.38:810][  0]LogUObjectAllocator: 4302048 out of 0 bytes used by permanent object pool.
[2022.04.12-11.11.38:810][  0]LogUObjectArray: CloseDisregardForGC: 0/0 objects in disregard for GC pool
[2022.04.12-11.11.39:452][  0]LogNiagaraDebuggerClient: Niagara Debugger Client Initialized | Session: 2AEF2C5240D340C7CB6DA4A9C4C54A8C | Instance: BA050E20465689DDD3915382C6297ED5 (DESKTOP-UK6JANJ-22156).
[2022.04.12-11.11.39:512][  0]LogPython: Using Python 3.7.7
[2022.04.12-11.11.40:587][  0]LogUdpMessaging: Initializing bridge on interface 0.0.0.0:0 to multicast group 230.0.0.1:6666.
[2022.04.12-11.11.40:597][  0]LogTcpMessaging: Initializing TcpMessaging bridge
[2022.04.12-11.11.40:951][  0]SourceControl: Source control is disabled
[2022.04.12-11.11.40:951][  0]SourceControl: Source control is disabled
[2022.04.12-11.11.40:959][  0]SourceControl: Source control is disabled
[2022.04.12-11.11.40:966][  0]SourceControl: Source control is disabled
[2022.04.12-11.11.40:995][  0]SourceControl: Source control is disabled
[2022.04.12-11.11.41:009][  0]LogUProjectInfo: Found projects:
[2022.04.12-11.11.41:480][  0]LogOpenImageDenoise: OIDN starting up
[2022.04.12-11.11.41:574][  0]LogAndroidPermission: UAndroidPermissionCallbackProxy::GetInstance
[2022.04.12-11.11.41:609][  0]LogAudioCaptureCore: Display: No Audio Capture implementations found. Audio input will be silent.
[2022.04.12-11.11.41:609][  0]LogAudioCaptureCore: Display: No Audio Capture implementations found. Audio input will be silent.
[2022.04.12-11.11.41:837][  0]LogCollectionManager: Loaded 0 collections in 0.001728 seconds
[2022.04.12-11.11.41:961][  0]LogFileCache: Scanning file cache for directory 'D:/Files/School/Saxion/Year 2/Term 3/Advanced Tools/Repo/Unreal/Saved/Collections/' took 0.00s
[2022.04.12-11.11.41:961][  0]LogFileCache: Scanning file cache for directory 'D:/Files/School/Saxion/Year 2/Term 3/Advanced Tools/Repo/Unreal/Content/Developers/Gebruiker/Collections/' took 0.01s
[2022.04.12-11.11.41:961][  0]LogFileCache: Scanning file cache for directory 'D:/Files/School/Saxion/Year 2/Term 3/Advanced Tools/Repo/Unreal/Content/Collections/' took 0.00s
[2022.04.12-11.11.41:961][  0]LogOcInput: OculusInput pre-init called
[2022.04.12-11.11.42:465][  0]LogEngine: Initializing Engine...
[2022.04.12-11.11.42:860][  0]LogHMD: Failed to initialize OpenVR with code 108
[2022.04.12-11.11.44:300][  0]LogHMD: Optional extension XR_VARJO_quad_views is not available
[2022.04.12-11.11.44:322][  0]LogHMD: Warning: Required extension XR_EXT_eye_gaze_interaction is not available
[2022.04.12-11.11.44:322][  0]LogHMD: Could not enable all required OpenXR extensions for OpenXREyeTracker on current system. This plugin will be loaded but ignored, but will be enabled on a target platform that supports the required extension.
[2022.04.12-11.11.44:663][  0]LogHMD: Failed to create an OpenXR instance, result is XR_ERROR_RUNTIME_FAILURE. Please check if you have an OpenXR runtime installed. The following extensions were enabled:
[2022.04.12-11.11.44:663][  0]LogHMD: - XR_KHR_D3D11_enable
[2022.04.12-11.11.44:663][  0]LogHMD: - XR_KHR_D3D12_enable
[2022.04.12-11.11.44:663][  0]LogHMD: - XR_KHR_opengl_enable
[2022.04.12-11.11.44:663][  0]LogHMD: - XR_KHR_vulkan_enable
[2022.04.12-11.11.44:663][  0]LogHMD: - XR_KHR_composition_layer_depth
[2022.04.12-11.11.44:663][  0]LogHMD: - XR_KHR_visibility_mask
[2022.04.12-11.11.44:663][  0]LogHMD: - XR_EXT_hand_tracking
[2022.04.12-11.11.44:698][  0]LogMagicLeap: Warning: VR disabled because ZI is not enabled.  To enable, in the editor, Edit -> Project Settings -> Plugins -> Magic Leap Plugin -> Enable Zero Iteration
[2022.04.12-11.11.44:718][  0]LogStats: UGameplayTagsManager::InitializeManager -  0.000 s
[2022.04.12-11.11.44:886][  0]LogInit: Initializing FReadOnlyCVARCache
[2022.04.12-11.11.44:899][  0]LogAIModule: Creating AISystem for world Untitled
[2022.04.12-11.11.44:913][  0]LogAudio: Display: Initializing Audio Device Manager...
[2022.04.12-11.11.44:919][  0]LogAudio: Display: Loading Default Audio Settings Objects...
[2022.04.12-11.11.44:920][  0]LogAudio: Display: No default SoundConcurrencyObject specified (or failed to load).
[2022.04.12-11.11.44:920][  0]LogAudio: Display: Audio Device Manager Initialized
[2022.04.12-11.11.44:920][  0]LogAudio: Display: Creating Audio Device:                 Id: 1, Scope: Shared, Realtime: True
[2022.04.12-11.11.44:920][  0]LogAudioMixer: Display: Audio Mixer Platform Settings:
[2022.04.12-11.11.44:920][  0]LogAudioMixer: Display: 	Sample Rate:						  48000
[2022.04.12-11.11.44:920][  0]LogAudioMixer: Display: 	Callback Buffer Frame Size Requested: 1024
[2022.04.12-11.11.44:920][  0]LogAudioMixer: Display: 	Callback Buffer Frame Size To Use:	  1024
[2022.04.12-11.11.44:920][  0]LogAudioMixer: Display: 	Number of buffers to queue:			  2
[2022.04.12-11.11.44:920][  0]LogAudioMixer: Display: 	Max Channels (voices):				  32
[2022.04.12-11.11.44:920][  0]LogAudioMixer: Display: 	Number of Async Source Workers:		  0
[2022.04.12-11.11.44:920][  0]LogAudio: Display: AudioDevice MaxSources: 32
[2022.04.12-11.11.44:921][  0]LogAudio: Display: Audio Spatialization Plugin: None (built-in).
[2022.04.12-11.11.44:921][  0]LogAudio: Display: Audio Reverb Plugin: None (built-in).
[2022.04.12-11.11.44:921][  0]LogAudio: Display: Audio Occlusion Plugin: None (built-in).
[2022.04.12-11.11.44:921][  0]LogAudioMixer: Display: Initializing audio mixer.
[2022.04.12-11.11.44:948][  0]LogAudioMixer: Display: 0: FrontLeft
[2022.04.12-11.11.44:948][  0]LogAudioMixer: Display: 1: FrontRight
[2022.04.12-11.11.45:075][  0]LogAudioMixer: Display: Using Audio Device Luidsprekers (Realtek High Definition Audio)
[2022.04.12-11.11.45:076][  0]LogAudioMixer: Display: Initializing Sound Submixes...
[2022.04.12-11.11.45:083][  0]LogAudioMixer: Display: Creating Master Submix 'MasterSubmixDefault'
[2022.04.12-11.11.45:083][  0]LogAudioMixer: Display: Creating Master Submix 'MasterReverbSubmixDefault'
[2022.04.12-11.11.45:085][  0]LogAudioMixer: Display: Creating Master Submix 'MasterEQSubmixDefault'
[2022.04.12-11.11.45:085][  0]LogAudioMixer: FMixerPlatformXAudio2::StartAudioStream() called
[2022.04.12-11.11.45:085][  0]LogAudioMixer: Display: Output buffers initialized: Frames=1024, Channels=2, Samples=2048
[2022.04.12-11.11.45:087][  0]LogAudioMixer: Display: Starting AudioMixerPlatformInterface::RunInternal()
[2022.04.12-11.11.45:087][  0]LogAudioMixer: Display: FMixerPlatformXAudio2::SubmitBuffer() called for the first time
[2022.04.12-11.11.45:087][  0]LogInit: FAudioDevice initialized.
[2022.04.12-11.11.45:167][  0]LogAudio: Display: Audio Device (ID: 1) registered with world 'Untitled'.
[2022.04.12-11.11.45:167][  0]LogNetVersion: Set ProjectVersion to 1.0.0.0. Version Checksum will be recalculated on next use.
[2022.04.12-11.11.45:272][  0]LogDerivedDataCache: Saved boot cache 0.11s 94MB C:/Users/Gebruiker/AppData/Local/UnrealEngine/4.27/DerivedDataCache/Boot.ddc.
[2022.04.12-11.11.45:273][  0]LogInit: Texture streaming: Enabled
[2022.04.12-11.11.45:298][  0]LogAnalytics: Display: [UEEditor.Rocket.Release] APIServer = https://datarouter.ol.epicgames.com/. AppVersion = 4.27.2-18319896+++UE4+Release-4.27
[2022.04.12-11.11.45:305][  0]LogEngineSessionManager: EngineSessionManager initialized
[2022.04.12-11.11.45:305][  0]LogEditorSessionSummary: Verbose: Initializing EditorSessionSummaryWriter for editor session tracking
[2022.04.12-11.11.45:686][  0]LogEditorSessionSummary: EditorSessionSummaryWriter initialized
[2022.04.12-11.11.45:716][  0]LogInit: Transaction tracking system initialized
[2022.04.12-11.11.45:749][  0]BlueprintLog: New page: Editor Load
[2022.04.12-11.11.46:253][  0]LocalizationService: Localization service is disabled
[2022.04.12-11.11.46:301][  0]TimingProfiler: Initialize
[2022.04.12-11.11.46:301][  0]TimingProfiler: OnSessionChanged
[2022.04.12-11.11.46:301][  0]LoadingProfiler: Initialize
[2022.04.12-11.11.46:301][  0]LoadingProfiler: OnSessionChanged
[2022.04.12-11.11.46:301][  0]NetworkingProfiler: Initialize
[2022.04.12-11.11.46:301][  0]NetworkingProfiler: OnSessionChanged
[2022.04.12-11.11.46:301][  0]MemoryProfiler: Initialize
[2022.04.12-11.11.46:301][  0]MemoryProfiler: OnSessionChanged
[2022.04.12-11.11.48:288][  0]LogCook: Display: CookSettings for Memory: MemoryMaxUsedVirtual 0MiB, MemoryMaxUsedPhysical 16384MiB, MemoryMinFreeVirtual 0MiB, MemoryMinFreePhysical 1024MiB
[2022.04.12-11.11.48:288][  0]LogCook: Display: Mobile HDR setting 1
[2022.04.12-11.11.48:294][  0]LogFileCache: Scanning file cache for directory 'D:/Files/School/Saxion/Year 2/Term 3/Advanced Tools/Repo/Unreal/Content/' took 0.00s
[2022.04.12-11.11.48:896][  0]LogInit: Display: Engine is initialized. Leaving FEngineLoop::Init()
[2022.04.12-11.11.48:902][  0]SourceControl: Source control is disabled
[2022.04.12-11.11.48:902][  0]LogUnrealEdMisc: Loading editor; pre map load, took 22.616
[2022.04.12-11.11.48:902][  0]Cmd: MAP LOAD FILE="../../../Engine/Content/Maps/Templates/Template_Default.umap" TEMPLATE=1 SHOWPROGRESS=1 FEATURELEVEL=3
[2022.04.12-11.11.48:903][  0]LightingResults: New page: Lighting Build
[2022.04.12-11.11.48:905][  0]LogWorld: UWorld::CleanupWorld for Untitled, bSessionEnded=true, bCleanupResources=true
[2022.04.12-11.11.48:905][  0]LogSlate: InvalidateAllWidgets triggered.  All widgets were invalidated
[2022.04.12-11.11.48:906][  0]MapCheck: New page: Map Check
[2022.04.12-11.11.48:906][  0]LightingResults: New page: Lighting Build
[2022.04.12-11.11.50:301][  0]LogAudio: Display: Audio Device unregistered from world 'None'.
[2022.04.12-11.11.50:305][  0]LogUObjectHash: Compacting FUObjectHashTables data took   1.08ms
[2022.04.12-11.11.50:385][  0]LogTexture: Display: Building textures: DeprecatedTextureEB9CBE3C423008B5E8E130901E171C89 (BGRA8, 128X128)
[2022.04.12-11.11.50:400][  0]LogAudio: Display: Audio Device (ID: 1) registered with world 'Untitled_1'.
[2022.04.12-11.11.50:401][  0]LogAIModule: Creating AISystem for world Untitled_1
[2022.04.12-11.11.50:407][  0]LogEditorServer: Finished looking for orphan Actors (0.000 secs)
[2022.04.12-11.11.53:842][  0]LogUObjectHash: Compacting FUObjectHashTables data took   0.98ms
[2022.04.12-11.11.53:843][  0]Cmd: MAP CHECKDEP NOCLEARLOG
[2022.04.12-11.11.53:843][  0]MapCheck: Map check complete: 0 Error(s), 0 Warning(s), took 0.414ms to complete.
[2022.04.12-11.11.53:843][  0]LogFileHelpers: Loading map 'Template_Default' took 4.941
[2022.04.12-11.11.53:846][  0]LogUnrealEdMisc: Total Editor Startup Time, took 27.560
[2022.04.12-11.12.08:037][  0]LogSlate: Updating window title bar state: overlay mode, drag disabled, window buttons hidden, title bar hidden
[2022.04.12-11.12.08:883][  0]LogSlate: Updating window title bar state: overlay mode, drag disabled, window buttons hidden, title bar hidden
[2022.04.12-11.12.08:891][  0]LogSlate: Updating window title bar state: overlay mode, drag disabled, window buttons hidden, title bar hidden
[2022.04.12-11.12.08:899][  0]LogSlate: Updating window title bar state: overlay mode, drag disabled, window buttons hidden, title bar hidden
[2022.04.12-11.12.17:825][  0]LogNativeClassHierarchy: Verbose: Native class hierarchy populated in 0.0184 seconds. Added 3822 classes and 928 folders.
[2022.04.12-11.12.18:051][  0]LogNativeClassHierarchy: Verbose: Native class hierarchy updated for 'WidgetCarousel' in 0.0004 seconds. Added 0 classes and 0 folders.
[2022.04.12-11.12.18:054][  0]LogPakFile: PakFile PrimaryIndexSize=187
[2022.04.12-11.12.18:054][  0]LogPakFile: PakFile PathHashIndexSize=101
[2022.04.12-11.12.18:054][  0]LogPakFile: PakFile FullDirectoryIndexSize=148
[2022.04.12-11.12.18:054][  0]LogShaderLibrary: Display: ShaderCodeLibraryPakFileMountedCallback: PakFile 'D:/Programs/Unreal/UE_4.27/FeaturePacks/FP_FirstPerson.upack' (chunk index -1, root 'root:/') mounted
[2022.04.12-11.12.18:054][  0]LogShaderLibrary: Display: ShaderCodeLibraryPakFileMountedCallback: pending pak file info (ChunkID:-1 Root:root:/ File:D:/Programs/Unreal/UE_4.27/FeaturePacks/FP_FirstPerson.upack)
[2022.04.12-11.12.18:054][  0]LogPakFile: OnPakFileMounted2Time == 0.000117
[2022.04.12-11.12.18:056][  0]LogPakFile: PakFile PrimaryIndexSize=189
[2022.04.12-11.12.18:056][  0]LogPakFile: PakFile PathHashIndexSize=101
[2022.04.12-11.12.18:056][  0]LogPakFile: PakFile FullDirectoryIndexSize=152
[2022.04.12-11.12.18:056][  0]LogShaderLibrary: Display: ShaderCodeLibraryPakFileMountedCallback: PakFile 'D:/Programs/Unreal/UE_4.27/FeaturePacks/FP_FirstPersonBP.upack' (chunk index -1, root 'root:/') mounted
[2022.04.12-11.12.18:056][  0]LogShaderLibrary: Display: ShaderCodeLibraryPakFileMountedCallback: pending pak file info (ChunkID:-1 Root:root:/ File:D:/Programs/Unreal/UE_4.27/FeaturePacks/FP_FirstPersonBP.upack)
[2022.04.12-11.12.18:056][  0]LogPakFile: OnPakFileMounted2Time == 0.000061
[2022.04.12-11.12.18:058][  0]LogPakFile: PakFile PrimaryIndexSize=191
[2022.04.12-11.12.18:058][  0]LogPakFile: PakFile PathHashIndexSize=101
[2022.04.12-11.12.18:058][  0]LogPakFile: PakFile FullDirectoryIndexSize=160
[2022.04.12-11.12.18:058][  0]LogShaderLibrary: Display: ShaderCodeLibraryPakFileMountedCallback: PakFile 'D:/Programs/Unreal/UE_4.27/FeaturePacks/MobileStarterContent.upack' (chunk index -1, root 'root:/') mounted
[2022.04.12-11.12.18:058][  0]LogShaderLibrary: Display: ShaderCodeLibraryPakFileMountedCallback: pending pak file info (ChunkID:-1 Root:root:/ File:D:/Programs/Unreal/UE_4.27/FeaturePacks/MobileStarterContent.upack)
[2022.04.12-11.12.18:058][  0]LogPakFile: OnPakFileMounted2Time == 0.000092
[2022.04.12-11.12.18:060][  0]LogPakFile: PakFile PrimaryIndexSize=185
[2022.04.12-11.12.18:060][  0]LogPakFile: PakFile PathHashIndexSize=101
[2022.04.12-11.12.18:060][  0]LogPakFile: PakFile FullDirectoryIndexSize=148
[2022.04.12-11.12.18:060][  0]LogShaderLibrary: Display: ShaderCodeLibraryPakFileMountedCallback: PakFile 'D:/Programs/Unreal/UE_4.27/FeaturePacks/StarterContent.upack' (chunk index -1, root 'root:/') mounted
[2022.04.12-11.12.18:060][  0]LogShaderLibrary: Display: ShaderCodeLibraryPakFileMountedCallback: pending pak file info (ChunkID:-1 Root:root:/ File:D:/Programs/Unreal/UE_4.27/FeaturePacks/StarterContent.upack)
[2022.04.12-11.12.18:060][  0]LogPakFile: OnPakFileMounted2Time == 0.000130
[2022.04.12-11.12.18:062][  0]LogPakFile: PakFile PrimaryIndexSize=190
[2022.04.12-11.12.18:062][  0]LogPakFile: PakFile PathHashIndexSize=101
[2022.04.12-11.12.18:062][  0]LogPakFile: PakFile FullDirectoryIndexSize=154
[2022.04.12-11.12.18:062][  0]LogShaderLibrary: Display: ShaderCodeLibraryPakFileMountedCallback: PakFile 'D:/Programs/Unreal/UE_4.27/FeaturePacks/TP_2DSideScroller.upack' (chunk index -1, root 'root:/') mounted
[2022.04.12-11.12.18:062][  0]LogShaderLibrary: Display: ShaderCodeLibraryPakFileMountedCallback: pending pak file info (ChunkID:-1 Root:root:/ File:D:/Programs/Unreal/UE_4.27/FeaturePacks/TP_2DSideScroller.upack)
[2022.04.12-11.12.18:062][  0]LogPakFile: OnPakFileMounted2Time == 0.000138
[2022.04.12-11.12.18:064][  0]LogPakFile: PakFile PrimaryIndexSize=192
[2022.04.12-11.12.18:064][  0]LogPakFile: PakFile PathHashIndexSize=101
[2022.04.12-11.12.18:064][  0]LogPakFile: PakFile FullDirectoryIndexSize=158
[2022.04.12-11.12.18:064][  0]LogShaderLibrary: Display: ShaderCodeLibraryPakFileMountedCallback: PakFile 'D:/Programs/Unreal/UE_4.27/FeaturePacks/TP_2DSideScrollerBP.upack' (chunk index -1, root 'root:/') mounted
[2022.04.12-11.12.18:064][  0]LogShaderLibrary: Display: ShaderCodeLibraryPakFileMountedCallback: pending pak file info (ChunkID:-1 Root:root:/ File:D:/Programs/Unreal/UE_4.27/FeaturePacks/TP_2DSideScrollerBP.upack)
[2022.04.12-11.12.18:064][  0]LogPakFile: OnPakFileMounted2Time == 0.000181
[2022.04.12-11.12.18:066][  0]LogPakFile: PakFile PrimaryIndexSize=182
[2022.04.12-11.12.18:066][  0]LogPakFile: PakFile PathHashIndexSize=101
[2022.04.12-11.12.18:066][  0]LogPakFile: PakFile FullDirectoryIndexSize=138
[2022.04.12-11.12.18:066][  0]LogShaderLibrary: Display: ShaderCodeLibraryPakFileMountedCallback: PakFile 'D:/Programs/Unreal/UE_4.27/FeaturePacks/TP_Flying.upack' (chunk index -1, root 'root:/') mounted
[2022.04.12-11.12.18:066][  0]LogShaderLibrary: Display: ShaderCodeLibraryPakFileMountedCallback: pending pak file info (ChunkID:-1 Root:root:/ File:D:/Programs/Unreal/UE_4.27/FeaturePacks/TP_Flying.upack)
[2022.04.12-11.12.18:066][  0]LogPakFile: OnPakFileMounted2Time == 0.000147
[2022.04.12-11.12.18:068][  0]LogPakFile: PakFile PrimaryIndexSize=184
[2022.04.12-11.12.18:068][  0]LogPakFile: PakFile PathHashIndexSize=101
[2022.04.12-11.12.18:068][  0]LogPakFile: PakFile FullDirectoryIndexSize=142
[2022.04.12-11.12.18:068][  0]LogShaderLibrary: Display: ShaderCodeLibraryPakFileMountedCallback: PakFile 'D:/Programs/Unreal/UE_4.27/FeaturePacks/TP_FlyingBP.upack' (chunk index -1, root 'root:/') mounted
[2022.04.12-11.12.18:068][  0]LogShaderLibrary: Display: ShaderCodeLibraryPakFileMountedCallback: pending pak file info (ChunkID:-1 Root:root:/ File:D:/Programs/Unreal/UE_4.27/FeaturePacks/TP_FlyingBP.upack)
[2022.04.12-11.12.18:068][  0]LogPakFile: OnPakFileMounted2Time == 0.000161
[2022.04.12-11.12.18:070][  0]LogPakFile: PakFile PrimaryIndexSize=188
[2022.04.12-11.12.18:070][  0]LogPakFile: PakFile PathHashIndexSize=101
[2022.04.12-11.12.18:070][  0]LogPakFile: PakFile FullDirectoryIndexSize=150
[2022.04.12-11.12.18:070][  0]LogShaderLibrary: Display: ShaderCodeLibraryPakFileMountedCallback: PakFile 'D:/Programs/Unreal/UE_4.27/FeaturePacks/TP_HandheldARBP.upack' (chunk index -1, root 'root:/') mounted
[2022.04.12-11.12.18:070][  0]LogShaderLibrary: Display: ShaderCodeLibraryPakFileMountedCallback: pending pak file info (ChunkID:-1 Root:root:/ File:D:/Programs/Unreal/UE_4.27/FeaturePacks/TP_HandheldARBP.upack)
[2022.04.12-11.12.18:070][  0]LogPakFile: OnPakFileMounted2Time == 0.000181
[2022.04.12-11.12.18:072][  0]LogPakFile: PakFile PrimaryIndexSize=182
[2022.04.12-11.12.18:072][  0]LogPakFile: PakFile PathHashIndexSize=101
[2022.04.12-11.12.18:072][  0]LogPakFile: PakFile FullDirectoryIndexSize=138
[2022.04.12-11.12.18:072][  0]LogShaderLibrary: Display: ShaderCodeLibraryPakFileMountedCallback: PakFile 'D:/Programs/Unreal/UE_4.27/FeaturePacks/TP_Puzzle.upack' (chunk index -1, root 'root:/') mounted
[2022.04.12-11.12.18:073][  0]LogShaderLibrary: Display: ShaderCodeLibraryPakFileMountedCallback: pending pak file info (ChunkID:-1 Root:root:/ File:D:/Programs/Unreal/UE_4.27/FeaturePacks/TP_Puzzle.upack)
[2022.04.12-11.12.18:073][  0]LogPakFile: OnPakFileMounted2Time == 0.000105
[2022.04.12-11.12.18:074][  0]LogPakFile: PakFile PrimaryIndexSize=184
[2022.04.12-11.12.18:074][  0]LogPakFile: PakFile PathHashIndexSize=101
[2022.04.12-11.12.18:074][  0]LogPakFile: PakFile FullDirectoryIndexSize=142
[2022.04.12-11.12.18:074][  0]LogShaderLibrary: Display: ShaderCodeLibraryPakFileMountedCallback: PakFile 'D:/Programs/Unreal/UE_4.27/FeaturePacks/TP_PuzzleBP.upack' (chunk index -1, root 'root:/') mounted
[2022.04.12-11.12.18:074][  0]LogShaderLibrary: Display: ShaderCodeLibraryPakFileMountedCallback: pending pak file info (ChunkID:-1 Root:root:/ File:D:/Programs/Unreal/UE_4.27/FeaturePacks/TP_PuzzleBP.upack)
[2022.04.12-11.12.18:074][  0]LogPakFile: OnPakFileMounted2Time == 0.000091
[2022.04.12-11.12.18:075][  0]LogPakFile: PakFile PrimaryIndexSize=183
[2022.04.12-11.12.18:075][  0]LogPakFile: PakFile PathHashIndexSize=101
[2022.04.12-11.12.18:075][  0]LogPakFile: PakFile FullDirectoryIndexSize=140
[2022.04.12-11.12.18:075][  0]LogShaderLibrary: Display: ShaderCodeLibraryPakFileMountedCallback: PakFile 'D:/Programs/Unreal/UE_4.27/FeaturePacks/TP_Rolling.upack' (chunk index -1, root 'root:/') mounted
[2022.04.12-11.12.18:075][  0]LogShaderLibrary: Display: ShaderCodeLibraryPakFileMountedCallback: pending pak file info (ChunkID:-1 Root:root:/ File:D:/Programs/Unreal/UE_4.27/FeaturePacks/TP_Rolling.upack)
[2022.04.12-11.12.18:075][  0]LogPakFile: OnPakFileMounted2Time == 0.000055
[2022.04.12-11.12.18:077][  0]LogPakFile: PakFile PrimaryIndexSize=185
[2022.04.12-11.12.18:077][  0]LogPakFile: PakFile PathHashIndexSize=101
[2022.04.12-11.12.18:077][  0]LogPakFile: PakFile FullDirectoryIndexSize=144
[2022.04.12-11.12.18:077][  0]LogShaderLibrary: Display: ShaderCodeLibraryPakFileMountedCallback: PakFile 'D:/Programs/Unreal/UE_4.27/FeaturePacks/TP_RollingBP.upack' (chunk index -1, root 'root:/') mounted
[2022.04.12-11.12.18:077][  0]LogShaderLibrary: Display: ShaderCodeLibraryPakFileMountedCallback: pending pak file info (ChunkID:-1 Root:root:/ File:D:/Programs/Unreal/UE_4.27/FeaturePacks/TP_RollingBP.upack)
[2022.04.12-11.12.18:077][  0]LogPakFile: OnPakFileMounted2Time == 0.000061
[2022.04.12-11.12.18:078][  0]LogPakFile: PakFile PrimaryIndexSize=188
[2022.04.12-11.12.18:078][  0]LogPakFile: PakFile PathHashIndexSize=101
[2022.04.12-11.12.18:078][  0]LogPakFile: PakFile FullDirectoryIndexSize=150
[2022.04.12-11.12.18:078][  0]LogShaderLibrary: Display: ShaderCodeLibraryPakFileMountedCallback: PakFile 'D:/Programs/Unreal/UE_4.27/FeaturePacks/TP_SideScroller.upack' (chunk index -1, root 'root:/') mounted
[2022.04.12-11.12.18:078][  0]LogShaderLibrary: Display: ShaderCodeLibraryPakFileMountedCallback: pending pak file info (ChunkID:-1 Root:root:/ File:D:/Programs/Unreal/UE_4.27/FeaturePacks/TP_SideScroller.upack)
[2022.04.12-11.12.18:078][  0]LogPakFile: OnPakFileMounted2Time == 0.000058
[2022.04.12-11.12.18:079][  0]LogPakFile: PakFile PrimaryIndexSize=190
[2022.04.12-11.12.18:080][  0]LogPakFile: PakFile PathHashIndexSize=101
[2022.04.12-11.12.18:080][  0]LogPakFile: PakFile FullDirectoryIndexSize=154
[2022.04.12-11.12.18:080][  0]LogShaderLibrary: Display: ShaderCodeLibraryPakFileMountedCallback: PakFile 'D:/Programs/Unreal/UE_4.27/FeaturePacks/TP_SideScrollerBP.upack' (chunk index -1, root 'root:/') mounted
[2022.04.12-11.12.18:080][  0]LogShaderLibrary: Display: ShaderCodeLibraryPakFileMountedCallback: pending pak file info (ChunkID:-1 Root:root:/ File:D:/Programs/Unreal/UE_4.27/FeaturePacks/TP_SideScrollerBP.upack)
[2022.04.12-11.12.18:080][  0]LogPakFile: OnPakFileMounted2Time == 0.000055
[2022.04.12-11.12.18:081][  0]LogPakFile: PakFile PrimaryIndexSize=187
[2022.04.12-11.12.18:081][  0]LogPakFile: PakFile PathHashIndexSize=101
[2022.04.12-11.12.18:081][  0]LogPakFile: PakFile FullDirectoryIndexSize=148
[2022.04.12-11.12.18:081][  0]LogShaderLibrary: Display: ShaderCodeLibraryPakFileMountedCallback: PakFile 'D:/Programs/Unreal/UE_4.27/FeaturePacks/TP_ThirdPerson.upack' (chunk index -1, root 'root:/') mounted
[2022.04.12-11.12.18:081][  0]LogShaderLibrary: Display: ShaderCodeLibraryPakFileMountedCallback: pending pak file info (ChunkID:-1 Root:root:/ File:D:/Programs/Unreal/UE_4.27/FeaturePacks/TP_ThirdPerson.upack)
[2022.04.12-11.12.18:081][  0]LogPakFile: OnPakFileMounted2Time == 0.000055
[2022.04.12-11.12.18:082][  0]LogPakFile: PakFile PrimaryIndexSize=189
[2022.04.12-11.12.18:082][  0]LogPakFile: PakFile PathHashIndexSize=101
[2022.04.12-11.12.18:082][  0]LogPakFile: PakFile FullDirectoryIndexSize=152
[2022.04.12-11.12.18:082][  0]LogShaderLibrary: Display: ShaderCodeLibraryPakFileMountedCallback: PakFile 'D:/Programs/Unreal/UE_4.27/FeaturePacks/TP_ThirdPersonBP.upack' (chunk index -1, root 'root:/') mounted
[2022.04.12-11.12.18:082][  0]LogShaderLibrary: Display: ShaderCodeLibraryPakFileMountedCallback: pending pak file info (ChunkID:-1 Root:root:/ File:D:/Programs/Unreal/UE_4.27/FeaturePacks/TP_ThirdPersonBP.upack)
[2022.04.12-11.12.18:082][  0]LogPakFile: OnPakFileMounted2Time == 0.000085
[2022.04.12-11.12.18:083][  0]LogPakFile: PakFile PrimaryIndexSize=183
[2022.04.12-11.12.18:083][  0]LogPakFile: PakFile PathHashIndexSize=101
[2022.04.12-11.12.18:083][  0]LogPakFile: PakFile FullDirectoryIndexSize=140
[2022.04.12-11.12.18:083][  0]LogShaderLibrary: Display: ShaderCodeLibraryPakFileMountedCallback: PakFile 'D:/Programs/Unreal/UE_4.27/FeaturePacks/TP_TopDown.upack' (chunk index -1, root 'root:/') mounted
[2022.04.12-11.12.18:083][  0]LogShaderLibrary: Display: ShaderCodeLibraryPakFileMountedCallback: pending pak file info (ChunkID:-1 Root:root:/ File:D:/Programs/Unreal/UE_4.27/FeaturePacks/TP_TopDown.upack)
[2022.04.12-11.12.18:083][  0]LogPakFile: OnPakFileMounted2Time == 0.000066
[2022.04.12-11.12.18:085][  0]LogPakFile: PakFile PrimaryIndexSize=185
[2022.04.12-11.12.18:085][  0]LogPakFile: PakFile PathHashIndexSize=101
[2022.04.12-11.12.18:085][  0]LogPakFile: PakFile FullDirectoryIndexSize=144
[2022.04.12-11.12.18:085][  0]LogShaderLibrary: Display: ShaderCodeLibraryPakFileMountedCallback: PakFile 'D:/Programs/Unreal/UE_4.27/FeaturePacks/TP_TopDownBP.upack' (chunk index -1, root 'root:/') mounted
[2022.04.12-11.12.18:085][  0]LogShaderLibrary: Display: ShaderCodeLibraryPakFileMountedCallback: pending pak file info (ChunkID:-1 Root:root:/ File:D:/Programs/Unreal/UE_4.27/FeaturePacks/TP_TopDownBP.upack)
[2022.04.12-11.12.18:085][  0]LogPakFile: OnPakFileMounted2Time == 0.000059
[2022.04.12-11.12.18:086][  0]LogPakFile: PakFile PrimaryIndexSize=185
[2022.04.12-11.12.18:086][  0]LogPakFile: PakFile PathHashIndexSize=101
[2022.04.12-11.12.18:086][  0]LogPakFile: PakFile FullDirectoryIndexSize=144
[2022.04.12-11.12.18:086][  0]LogShaderLibrary: Display: ShaderCodeLibraryPakFileMountedCallback: PakFile 'D:/Programs/Unreal/UE_4.27/FeaturePacks/TP_TwinStick.upack' (chunk index -1, root 'root:/') mounted
[2022.04.12-11.12.18:086][  0]LogShaderLibrary: Display: ShaderCodeLibraryPakFileMountedCallback: pending pak file info (ChunkID:-1 Root:root:/ File:D:/Programs/Unreal/UE_4.27/FeaturePacks/TP_TwinStick.upack)
[2022.04.12-11.12.18:086][  0]LogPakFile: OnPakFileMounted2Time == 0.000060
[2022.04.12-11.12.18:088][  0]LogPakFile: PakFile PrimaryIndexSize=187
[2022.04.12-11.12.18:088][  0]LogPakFile: PakFile PathHashIndexSize=101
[2022.04.12-11.12.18:088][  0]LogPakFile: PakFile FullDirectoryIndexSize=148
[2022.04.12-11.12.18:088][  0]LogShaderLibrary: Display: ShaderCodeLibraryPakFileMountedCallback: PakFile 'D:/Programs/Unreal/UE_4.27/FeaturePacks/TP_TwinStickBP.upack' (chunk index -1, root 'root:/') mounted
[2022.04.12-11.12.18:088][  0]LogShaderLibrary: Display: ShaderCodeLibraryPakFileMountedCallback: pending pak file info (ChunkID:-1 Root:root:/ File:D:/Programs/Unreal/UE_4.27/FeaturePacks/TP_TwinStickBP.upack)
[2022.04.12-11.12.18:088][  0]LogPakFile: OnPakFileMounted2Time == 0.000057
[2022.04.12-11.12.18:089][  0]LogPakFile: PakFile PrimaryIndexSize=183
[2022.04.12-11.12.18:089][  0]LogPakFile: PakFile PathHashIndexSize=101
[2022.04.12-11.12.18:089][  0]LogPakFile: PakFile FullDirectoryIndexSize=140
[2022.04.12-11.12.18:089][  0]LogShaderLibrary: Display: ShaderCodeLibraryPakFileMountedCallback: PakFile 'D:/Programs/Unreal/UE_4.27/FeaturePacks/TP_Vehicle.upack' (chunk index -1, root 'root:/') mounted
[2022.04.12-11.12.18:089][  0]LogShaderLibrary: Display: ShaderCodeLibraryPakFileMountedCallback: pending pak file info (ChunkID:-1 Root:root:/ File:D:/Programs/Unreal/UE_4.27/FeaturePacks/TP_Vehicle.upack)
[2022.04.12-11.12.18:089][  0]LogPakFile: OnPakFileMounted2Time == 0.000072
[2022.04.12-11.12.18:091][  0]LogPakFile: PakFile PrimaryIndexSize=186
[2022.04.12-11.12.18:091][  0]LogPakFile: PakFile PathHashIndexSize=101
[2022.04.12-11.12.18:091][  0]LogPakFile: PakFile FullDirectoryIndexSize=146
[2022.04.12-11.12.18:091][  0]LogShaderLibrary: Display: ShaderCodeLibraryPakFileMountedCallback: PakFile 'D:/Programs/Unreal/UE_4.27/FeaturePacks/TP_VehicleAdv.upack' (chunk index -1, root 'root:/') mounted
[2022.04.12-11.12.18:091][  0]LogShaderLibrary: Display: ShaderCodeLibraryPakFileMountedCallback: pending pak file info (ChunkID:-1 Root:root:/ File:D:/Programs/Unreal/UE_4.27/FeaturePacks/TP_VehicleAdv.upack)
[2022.04.12-11.12.18:091][  0]LogPakFile: OnPakFileMounted2Time == 0.000058
[2022.04.12-11.12.18:092][  0]LogPakFile: PakFile PrimaryIndexSize=188
[2022.04.12-11.12.18:092][  0]LogPakFile: PakFile PathHashIndexSize=101
[2022.04.12-11.12.18:092][  0]LogPakFile: PakFile FullDirectoryIndexSize=150
[2022.04.12-11.12.18:092][  0]LogShaderLibrary: Display: ShaderCodeLibraryPakFileMountedCallback: PakFile 'D:/Programs/Unreal/UE_4.27/FeaturePacks/TP_VehicleAdvBP.upack' (chunk index -1, root 'root:/') mounted
[2022.04.12-11.12.18:092][  0]LogShaderLibrary: Display: ShaderCodeLibraryPakFileMountedCallback: pending pak file info (ChunkID:-1 Root:root:/ File:D:/Programs/Unreal/UE_4.27/FeaturePacks/TP_VehicleAdvBP.upack)
[2022.04.12-11.12.18:092][  0]LogPakFile: OnPakFileMounted2Time == 0.000109
[2022.04.12-11.12.18:094][  0]LogPakFile: PakFile PrimaryIndexSize=185
[2022.04.12-11.12.18:094][  0]LogPakFile: PakFile PathHashIndexSize=101
[2022.04.12-11.12.18:094][  0]LogPakFile: PakFile FullDirectoryIndexSize=144
[2022.04.12-11.12.18:094][  0]LogShaderLibrary: Display: ShaderCodeLibraryPakFileMountedCallback: PakFile 'D:/Programs/Unreal/UE_4.27/FeaturePacks/TP_VehicleBP.upack' (chunk index -1, root 'root:/') mounted
[2022.04.12-11.12.18:094][  0]LogShaderLibrary: Display: ShaderCodeLibraryPakFileMountedCallback: pending pak file info (ChunkID:-1 Root:root:/ File:D:/Programs/Unreal/UE_4.27/FeaturePacks/TP_VehicleBP.upack)
[2022.04.12-11.12.18:094][  0]LogPakFile: OnPakFileMounted2Time == 0.000113
[2022.04.12-11.12.18:096][  0]LogPakFile: PakFile PrimaryIndexSize=192
[2022.04.12-11.12.18:096][  0]LogPakFile: PakFile PathHashIndexSize=101
[2022.04.12-11.12.18:096][  0]LogPakFile: PakFile FullDirectoryIndexSize=158
[2022.04.12-11.12.18:096][  0]LogShaderLibrary: Display: ShaderCodeLibraryPakFileMountedCallback: PakFile 'D:/Programs/Unreal/UE_4.27/FeaturePacks/TP_VirtualRealityBP.upack' (chunk index -1, root 'root:/') mounted
[2022.04.12-11.12.18:096][  0]LogShaderLibrary: Display: ShaderCodeLibraryPakFileMountedCallback: pending pak file info (ChunkID:-1 Root:root:/ File:D:/Programs/Unreal/UE_4.27/FeaturePacks/TP_VirtualRealityBP.upack)
[2022.04.12-11.12.18:096][  0]LogPakFile: OnPakFileMounted2Time == 0.000058
[2022.04.12-11.12.18:187][  0]LogNativeClassHierarchy: Verbose: Native class hierarchy updated for 'AddContentDialog' in 0.0003 seconds. Added 0 classes and 0 folders.
[2022.04.12-11.12.18:458][  0]LogSlate: Took 0.000363 seconds to synchronously load lazily loaded font '../../../Engine/Content/Slate/Fonts/Roboto-Regular.ttf' (155K)
[2022.04.12-11.12.18:522][  0]LogSlate: Took 0.020884 seconds to synchronously load lazily loaded font '../../../Engine/Content/Editor/Slate/Fonts/FontAwesome.ttf' (139K)
[2022.04.12-11.12.18:537][  0]LogSlate: Took 0.000391 seconds to synchronously load lazily loaded font '../../../Engine/Content/Slate/Fonts/Roboto-Bold.ttf' (160K)
[2022.04.12-11.12.19:369][  0]LogRenderer: Reallocating scene render targets to support 1228x572 Format 10 NumSamples 1 (Frame:1).
[2022.04.12-11.12.20:522][  0]LogNativeClassHierarchy: Verbose: Native class hierarchy updated for 'HierarchicalLODOutliner' in 0.0003 seconds. Added 0 classes and 0 folders.
[2022.04.12-11.12.20:522][  0]LogLoad: (Engine Initialization) Total time: 54.24 seconds
[2022.04.12-11.12.20:522][  0]LogLoad: (Engine Initialization) Total Blueprint compile time: 0.00 seconds
[2022.04.12-11.12.20:681][  0]LogContentStreaming: Texture pool size now 1000 MB
[2022.04.12-11.12.20:855][  0]LogRenderer: Reallocating scene render targets to support 1228x588 Format 10 NumSamples 1 (Frame:2).
[2022.04.12-11.12.20:953][  1]LogAssetRegistry: Asset discovery search completed in 43.4663 seconds
[2022.04.12-11.12.20:961][  1]LogCollectionManager: Fixed up redirectors for 0 collections in 0.000004 seconds (updated 0 objects)
[2022.04.12-11.16.22:176][880]LogEditorViewport: Clicking on Actor (LMB): StaticMeshActor (Floor)
[2022.04.12-11.16.26:169][974]LogEditorViewport: Clicking on Actor (LMB): StaticMeshActor (Floor)
[2022.04.12-11.16.26:532][994]LogEditorViewport: Clicking on Actor (LMB): BP_Sky_Sphere_C (Sky Sphere)
[2022.04.12-11.16.27:646][ 51]LogEditorViewport: Clicking on Actor (LMB): BP_Sky_Sphere_C (Sky Sphere)
[2022.04.12-11.16.27:965][ 70]LogEditorViewport: Clicking on Actor (LMB): BP_Sky_Sphere_C (Sky Sphere)
[2022.04.12-11.16.31:574][260]Cmd: TRANSACTION UNDO
[2022.04.12-11.16.31:584][260]LogEditorTransaction: Undo Move Actors
[2022.04.12-11.16.31:677][260]LogSlate: Took 0.000272 seconds to synchronously load lazily loaded font '../../../Engine/Content/Slate/Fonts/Roboto-Light.ttf' (167K)
[2022.04.12-11.16.32:549][301]LogEditorViewport: Clicking on Actor (LMB): StaticMeshActor (Floor)
[2022.04.12-11.20.49:112][477]LogWindowsTextInputMethodSystem: Display: IME system activated using TSF (Microsoft IME).
[2022.04.12-11.20.49:955][518]LogAssetEditorSubsystem: Opening Asset editor for LevelScriptBlueprint /Temp/Untitled_1.Untitled_1:PersistentLevel.Untitled
[2022.04.12-11.20.50:795][518]LogNativeClassHierarchy: Verbose: Native class hierarchy updated for 'BlueprintGraph' in 0.0012 seconds. Added 126 classes and 0 folders.
[2022.04.12-11.20.53:091][518]LogSlate: Took 0.000253 seconds to synchronously load lazily loaded font '../../../Engine/Content/Slate/Fonts/Roboto-BoldCondensed.ttf' (158K)
[2022.04.12-11.20.55:087][599]LogSlate: Window 'Untitled' being destroyed
[2022.04.12-11.21.22:362][150]LogSlate: Took 0.027413 seconds to synchronously load lazily loaded font '../../../Engine/Content/Slate/Fonts/Roboto-BoldCondensedItalic.ttf' (160K)
[2022.04.12-11.21.58:551][263]LogEditorTransaction: Undo Create Pin Link
[2022.04.12-11.22.22:393][650]LogEditorTransaction: Undo Straighten Connection(s)
[2022.04.12-11.22.26:673][891]BlueprintLog: New page: Compile Untitled
[2022.04.12-11.22.26:745][891]LogUObjectHash: Compacting FUObjectHashTables data took   3.69ms
[2022.04.12-11.22.26:839][891]LogSlate: Took 0.047924 seconds to synchronously load lazily loaded font '../../../Engine/Content/Slate/Fonts/DroidSansMono.ttf' (77K)
[2022.04.12-11.22.40:512][910]LogSlate: Window 'Save Level As' being destroyed
[2022.04.12-11.22.43:203][ 69]LogEditorTransaction: Undo Delete current selection
[2022.04.12-11.22.43:369][ 74]LogEditorTransaction: Undo Move Node
[2022.04.12-11.22.43:519][ 78]LogEditorTransaction: Undo Straighten Connection(s)
[2022.04.12-11.22.44:617][138]LogEditorTransaction: Undo Move Node
[2022.04.12-11.22.44:771][146]LogEditorTransaction: Undo Move Node
[2022.04.12-11.22.44:902][153]LogEditorTransaction: Undo Create Pin Link
[2022.04.12-11.22.45:051][161]LogEditorTransaction: Undo Move Node
[2022.04.12-11.22.45:212][169]LogEditorTransaction: Undo Create Pin Link
[2022.04.12-11.22.45:371][177]LogEditorTransaction: Undo Create Pin Link
[2022.04.12-11.22.45:520][185]LogEditorTransaction: Undo Add Node
[2022.04.12-11.22.45:683][193]LogEditorTransaction: Undo Create Pin Link
[2022.04.12-11.22.45:837][201]LogEditorTransaction: Undo Create Pin Link
[2022.04.12-11.22.46:000][210]LogEditorTransaction: Undo Move Node
[2022.04.12-11.22.46:157][218]LogEditorTransaction: Undo Move Node
[2022.04.12-11.22.46:321][227]LogEditorTransaction: Undo Move Nodes
[2022.04.12-11.22.46:478][235]LogEditorTransaction: Undo Move Node
[2022.04.12-11.22.46:638][243]LogEditorTransaction: Undo Add Node
[2022.04.12-11.22.46:797][251]LogEditorTransaction: Undo Move Node
[2022.04.12-11.22.46:962][260]LogEditorTransaction: Undo Add Node
[2022.04.12-11.22.47:117][268]LogEditorTransaction: Undo Change Parameter Type
[2022.04.12-11.22.47:264][276]LogEditorTransaction: Undo Move Node
[2022.04.12-11.22.47:428][285]LogEditorTransaction: Undo Straighten Connection(s)
[2022.04.12-11.22.47:584][293]LogEditorTransaction: Undo Move Node
[2022.04.12-11.22.47:744][301]LogEditorTransaction: Undo Move Node
[2022.04.12-11.22.47:909][310]LogEditorTransaction: Undo Move Node
[2022.04.12-11.22.48:071][319]LogEditorTransaction: Undo Move Node
[2022.04.12-11.22.48:250][329]LogEditorTransaction: Undo Create Pin Link
[2022.04.12-11.22.48:397][337]LogEditorTransaction: Undo Add Node
[2022.04.12-11.22.48:577][347]LogEditorTransaction: Undo Move Node
[2022.04.12-11.22.48:730][355]LogEditorTransaction: Undo Move Node
[2022.04.12-11.22.48:891][364]LogEditorTransaction: Undo Create Pin Link
[2022.04.12-11.22.49:066][373]LogEditorTransaction: Undo Add Node
[2022.04.12-11.22.49:274][384]LogEditorTransaction: Undo Move Node
[2022.04.12-11.22.49:456][394]LogEditorTransaction: Undo Add Node
[2022.04.12-11.22.49:679][406]LogEditorTransaction: Undo Change Parameter Type
[2022.04.12-11.22.49:920][419]LogEditorTransaction: Undo Rename Variable
[2022.04.12-11.22.50:125][430]LogEditorTransaction: Undo Add Variable
[2022.04.12-11.22.50:325][441]LogEditorTransaction: Undo Rename Variable
[2022.04.12-11.22.50:576][455]LogEditorTransaction: Undo Add Variable
[2022.04.12-11.22.51:028][481]LogEditorTransaction: Undo Clicking on Actors
[2022.04.12-11.22.51:221][490]LogEditorTransaction: Undo Move Actors
[2022.04.12-11.22.51:389][500]LogEditorTransaction: Undo Clicking on Actors
[2022.04.12-11.22.51:542][509]LogEditorTransaction: Undo Clicking on Actors
[2022.04.12-11.22.55:076][544]LogSlate: Window 'Save Level As' being destroyed
[2022.04.12-11.22.56:247][611]LogWorld: UWorld::CleanupWorld for World_2, bSessionEnded=true, bCleanupResources=true
[2022.04.12-11.22.56:247][611]LogSlate: InvalidateAllWidgets triggered.  All widgets were invalidated
